  [1m[35m (144.2ms)[0m  [1m[35mCREATE DATABASE "noticeboard_app_api_development" ENCODING = 'unicode'[0m
  [1m[35m (60.5ms)[0m  [1m[35mCREATE DATABASE "noticeboard_app_api_test" ENCODING = 'unicode'[0m
  [1m[35m (9.3ms)[0m  [1m[35mCREATE TABLE "schema_migrations" ("version" character varying NOT NULL PRIMARY KEY)[0m
  [1m[35m (4.3ms)[0m  [1m[35mCREATE TABLE "ar_internal_metadata" ("key" character varying NOT NULL PRIMARY KEY, "value" character varying, "created_at" timestamp(6) NOT NULL, "updated_at" timestamp(6) NOT NULL)[0m
  [1m[35m (0.1ms)[0m  [1m[34mSELECT pg_try_advisory_lock(2294373376959684510)[0m
  [1m[35m (0.3ms)[0m  [1m[34mSELECT "schema_migrations"."version" FROM "schema_migrations" ORDER BY "schema_migrations"."version" ASC[0m
Migrating to CreateNotices (20200128113948)
  [1m[35m (0.1ms)[0m  [1m[35mBEGIN[0m
  [1m[35m (5.2ms)[0m  [1m[35mCREATE TABLE "notices" ("id" bigserial primary key, "title" character varying, "author" character varying, "content" character varying, "created_at" timestamp(6) NOT NULL, "updated_at" timestamp(6) NOT NULL)[0m
  [1m[36mprimary::SchemaMigration Create (0.4ms)[0m  [1m[32mINSERT INTO "schema_migrations" ("version") VALUES ($1) RETURNING "version"[0m  [["version", "20200128113948"]]
  [1m[35m (0.4ms)[0m  [1m[35mCOMMIT[0m
  [1m[36mActiveRecord::InternalMetadata Load (0.2ms)[0m  [1m[34mSELECT "ar_internal_metadata".* FROM "ar_internal_metadata" WHERE "ar_internal_metadata"."key" = $1 LIMIT $2[0m  [["key", "environment"], ["LIMIT", 1]]
  [1m[35m (0.1ms)[0m  [1m[35mBEGIN[0m
  [1m[36mActiveRecord::InternalMetadata Create (0.3ms)[0m  [1m[32mINSERT INTO "ar_internal_metadata" ("key", "value", "created_at", "updated_at") VALUES ($1, $2, $3, $4) RETURNING "key"[0m  [["key", "environment"], ["value", "development"], ["created_at", "2020-01-28 11:41:09.858550"], ["updated_at", "2020-01-28 11:41:09.858550"]]
  [1m[35m (0.4ms)[0m  [1m[35mCOMMIT[0m
  [1m[35m (0.3ms)[0m  [1m[34mSELECT pg_advisory_unlock(2294373376959684510)[0m
  [1m[35m (0.7ms)[0m  [1m[34mSELECT "schema_migrations"."version" FROM "schema_migrations" ORDER BY "schema_migrations"."version" ASC[0m
  [1m[35m (0.5ms)[0m  [1m[34mSELECT "schema_migrations"."version" FROM "schema_migrations" ORDER BY "schema_migrations"."version" ASC[0m
  [1m[35m (0.5ms)[0m  [1m[34mSELECT "schema_migrations"."version" FROM "schema_migrations" ORDER BY "schema_migrations"."version" ASC[0m
Started GET "/notices" for ::1 at 2020-01-28 19:45:38 +0800
  [1m[35m (0.4ms)[0m  [1m[34mSELECT "schema_migrations"."version" FROM "schema_migrations" ORDER BY "schema_migrations"."version" ASC[0m
Processing by NoticesController#index as HTML
  [1m[36mNotice Load (0.7ms)[0m  [1m[34mSELECT "notices".* FROM "notices"[0m
  ↳ app/controllers/notices_controller.rb:8:in `index'
Completed 200 OK in 4ms (Views: 1.4ms | ActiveRecord: 1.7ms | Allocations: 1635)


  [1m[35m (0.4ms)[0m  [1m[34mSELECT "schema_migrations"."version" FROM "schema_migrations" ORDER BY "schema_migrations"."version" ASC[0m
  [1m[35m (0.5ms)[0m  [1m[34mSELECT "schema_migrations"."version" FROM "schema_migrations" ORDER BY "schema_migrations"."version" ASC[0m
  [1m[35m (0.1ms)[0m  [1m[35mBEGIN[0m
  [1m[36mNotice Create (0.7ms)[0m  [1m[32mINSERT INTO "notices" ("title", "author", "content", "created_at", "updated_at") VALUES ($1, $2, $3, $4, $5) RETURNING "id"[0m  [["title", "Black as midnight on a moonless night."], ["author", "Hathor"], ["content", "Quia id reprehenderit. Et minus atque. Dolorem voluptates a."], ["created_at", "2020-01-28 11:50:37.854861"], ["updated_at", "2020-01-28 11:50:37.854861"]]
  [1m[35m (0.4ms)[0m  [1m[35mCOMMIT[0m
  [1m[35m (0.1ms)[0m  [1m[35mBEGIN[0m
  [1m[36mNotice Create (0.2ms)[0m  [1m[32mINSERT INTO "notices" ("title", "author", "content", "created_at", "updated_at") VALUES ($1, $2, $3, $4, $5) RETURNING "id"[0m  [["title", "She's dead... Wrapped in plastic."], ["author", "Thor"], ["content", "Id numquam ut. Distinctio est sit. Hic molestias assumenda."], ["created_at", "2020-01-28 11:50:37.858701"], ["updated_at", "2020-01-28 11:50:37.858701"]]
  [1m[35m (0.3ms)[0m  [1m[35mCOMMIT[0m
  [1m[35m (0.1ms)[0m  [1m[35mBEGIN[0m
  [1m[36mNotice Create (0.2ms)[0m  [1m[32mINSERT INTO "notices" ("title", "author", "content", "created_at", "updated_at") VALUES ($1, $2, $3, $4, $5) RETURNING "id"[0m  [["title", "The owls are not what they seem."], ["author", "Apophis"], ["content", "Nulla molestiae alias. Sit autem molestias. In quia libero."], ["created_at", "2020-01-28 11:50:37.861502"], ["updated_at", "2020-01-28 11:50:37.861502"]]
  [1m[35m (0.3ms)[0m  [1m[35mCOMMIT[0m
  [1m[35m (0.1ms)[0m  [1m[35mBEGIN[0m
  [1m[36mNotice Create (1.3ms)[0m  [1m[32mINSERT INTO "notices" ("title", "author", "content", "created_at", "updated_at") VALUES ($1, $2, $3, $4, $5) RETURNING "id"[0m  [["title", "J'ai une âme solitaire."], ["author", "Selmak"], ["content", "Fuga optio dolor. Voluptates odit ratione. Qui ut et."], ["created_at", "2020-01-28 11:50:37.864051"], ["updated_at", "2020-01-28 11:50:37.864051"]]
  [1m[35m (0.4ms)[0m  [1m[35mCOMMIT[0m
  [1m[35m (0.1ms)[0m  [1m[35mBEGIN[0m
  [1m[36mNotice Create (0.2ms)[0m  [1m[32mINSERT INTO "notices" ("title", "author", "content", "created_at", "updated_at") VALUES ($1, $2, $3, $4, $5) RETURNING "id"[0m  [["title", "Black as midnight on a moonless night."], ["author", "Klorel"], ["content", "Porro aut ea. Nemo quia et. Maxime veritatis excepturi."], ["created_at", "2020-01-28 11:50:37.868278"], ["updated_at", "2020-01-28 11:50:37.868278"]]
  [1m[35m (0.3ms)[0m  [1m[35mCOMMIT[0m
  [1m[35m (0.1ms)[0m  [1m[35mBEGIN[0m
  [1m[36mNotice Create (0.2ms)[0m  [1m[32mINSERT INTO "notices" ("title", "author", "content", "created_at", "updated_at") VALUES ($1, $2, $3, $4, $5) RETURNING "id"[0m  [["title", "Wow, Bob, wow."], ["author", "Kasuf"], ["content", "Et pariatur debitis. Excepturi sit nulla. Quia aliquam officiis."], ["created_at", "2020-01-28 11:50:37.870990"], ["updated_at", "2020-01-28 11:50:37.870990"]]
  [1m[35m (0.3ms)[0m  [1m[35mCOMMIT[0m
  [1m[35m (0.1ms)[0m  [1m[35mBEGIN[0m
  [1m[36mNotice Create (0.2ms)[0m  [1m[32mINSERT INTO "notices" ("title", "author", "content", "created_at", "updated_at") VALUES ($1, $2, $3, $4, $5) RETURNING "id"[0m  [["title", "Damn fine coffee! And hot!"], ["author", "Cassandra"], ["content", "Eaque voluptatibus fugiat. Est aperiam molestias. Placeat eius temporibus."], ["created_at", "2020-01-28 11:50:37.873718"], ["updated_at", "2020-01-28 11:50:37.873718"]]
  [1m[35m (0.3ms)[0m  [1m[35mCOMMIT[0m
  [1m[35m (0.1ms)[0m  [1m[35mBEGIN[0m
  [1m[36mNotice Create (0.2ms)[0m  [1m[32mINSERT INTO "notices" ("title", "author", "content", "created_at", "updated_at") VALUES ($1, $2, $3, $4, $5) RETURNING "id"[0m  [["title", "Audrey, there are many cures for a broken heart. But nothing quite like a trout's leap in the moonlight."], ["author", "Sokar"], ["content", "Sint sit voluptate. Ex modi voluptas. Voluptas qui accusantium."], ["created_at", "2020-01-28 11:50:37.876419"], ["updated_at", "2020-01-28 11:50:37.876419"]]
  [1m[35m (0.4ms)[0m  [1m[35mCOMMIT[0m
  [1m[35m (0.1ms)[0m  [1m[35mBEGIN[0m
  [1m[36mNotice Create (0.2ms)[0m  [1m[32mINSERT INTO "notices" ("title", "author", "content", "created_at", "updated_at") VALUES ($1, $2, $3, $4, $5) RETURNING "id"[0m  [["title", "Will this sadness that makes me cry my heart out — will it ever end? The answer, of course, is yes. One day the sadness will end."], ["author", "Thor"], ["content", "Sed ea qui. Iure debitis velit. Ipsum aliquid molestiae."], ["created_at", "2020-01-28 11:50:37.879015"], ["updated_at", "2020-01-28 11:50:37.879015"]]
  [1m[35m (4.0ms)[0m  [1m[35mCOMMIT[0m
  [1m[35m (0.1ms)[0m  [1m[35mBEGIN[0m
  [1m[36mNotice Create (0.2ms)[0m  [1m[32mINSERT INTO "notices" ("title", "author", "content", "created_at", "updated_at") VALUES ($1, $2, $3, $4, $5) RETURNING "id"[0m  [["title", "Do you want to know what the ultimate secret is? Laura did. The secret of knowing who killed you."], ["author", "Jacob Carter"], ["content", "Odio non odit. In voluptatem amet. Magni commodi aut."], ["created_at", "2020-01-28 11:50:37.886531"], ["updated_at", "2020-01-28 11:50:37.886531"]]
  [1m[35m (0.4ms)[0m  [1m[35mCOMMIT[0m
  [1m[35m (0.1ms)[0m  [1m[35mBEGIN[0m
  [1m[36mNotice Create (0.2ms)[0m  [1m[32mINSERT INTO "notices" ("title", "author", "content", "created_at", "updated_at") VALUES ($1, $2, $3, $4, $5) RETURNING "id"[0m  [["title", "Will this sadness that makes me cry my heart out — will it ever end? The answer, of course, is yes. One day the sadness will end."], ["author", "Hathor"], ["content", "Nihil quod et. Temporibus omnis consequatur. Voluptatem animi illo."], ["created_at", "2020-01-28 11:50:37.889881"], ["updated_at", "2020-01-28 11:50:37.889881"]]
  [1m[35m (0.3ms)[0m  [1m[35mCOMMIT[0m
  [1m[35m (0.1ms)[0m  [1m[35mBEGIN[0m
  [1m[36mNotice Create (0.1ms)[0m  [1m[32mINSERT INTO "notices" ("title", "author", "content", "created_at", "updated_at") VALUES ($1, $2, $3, $4, $5) RETURNING "id"[0m  [["title", "Wow, Bob, wow."], ["author", "Ba'al"], ["content", "Quos provident sunt. Omnis est voluptatem. Repellat impedit alias."], ["created_at", "2020-01-28 11:50:37.892568"], ["updated_at", "2020-01-28 11:50:37.892568"]]
  [1m[35m (0.3ms)[0m  [1m[35mCOMMIT[0m
  [1m[35m (0.1ms)[0m  [1m[35mBEGIN[0m
  [1m[36mNotice Create (0.2ms)[0m  [1m[32mINSERT INTO "notices" ("title", "author", "content", "created_at", "updated_at") VALUES ($1, $2, $3, $4, $5) RETURNING "id"[0m  [["title", "Will this sadness that makes me cry my heart out — will it ever end? The answer, of course, is yes. One day the sadness will end."], ["author", "Sokar"], ["content", "Sunt nulla quidem. Numquam possimus culpa. Eum rerum id."], ["created_at", "2020-01-28 11:50:37.895365"], ["updated_at", "2020-01-28 11:50:37.895365"]]
  [1m[35m (0.3ms)[0m  [1m[35mCOMMIT[0m
  [1m[35m (0.1ms)[0m  [1m[35mBEGIN[0m
  [1m[36mNotice Create (0.2ms)[0m  [1m[32mINSERT INTO "notices" ("title", "author", "content", "created_at", "updated_at") VALUES ($1, $2, $3, $4, $5) RETURNING "id"[0m  [["title", "YOU ARE WITNESSING A FRONT THREE-QUARTER VIEW OF TWO ADULTS SHARING A TENDER MOMENT"], ["author", "Selmak"], ["content", "Dolorem officia dicta. Voluptatem sit omnis. Doloribus optio et."], ["created_at", "2020-01-28 11:50:37.898199"], ["updated_at", "2020-01-28 11:50:37.898199"]]
  [1m[35m (0.3ms)[0m  [1m[35mCOMMIT[0m
  [1m[35m (0.1ms)[0m  [1m[35mBEGIN[0m
  [1m[36mNotice Create (0.2ms)[0m  [1m[32mINSERT INTO "notices" ("title", "author", "content", "created_at", "updated_at") VALUES ($1, $2, $3, $4, $5) RETURNING "id"[0m  [["title", "It has been a pleasure speaking to you."], ["author", "Hathor"], ["content", "Commodi doloremque suscipit. Perspiciatis qui nihil. Laboriosam commodi qui."], ["created_at", "2020-01-28 11:50:37.901048"], ["updated_at", "2020-01-28 11:50:37.901048"]]
  [1m[35m (0.3ms)[0m  [1m[35mCOMMIT[0m
  [1m[35m (0.1ms)[0m  [1m[35mBEGIN[0m
  [1m[36mNotice Create (0.2ms)[0m  [1m[32mINSERT INTO "notices" ("title", "author", "content", "created_at", "updated_at") VALUES ($1, $2, $3, $4, $5) RETURNING "id"[0m  [["title", "Sometimes jokes are welcome. Like the one about the kid who said: \"I enjoyed school. It was just the principal of the thing.\""], ["author", "Skaara"], ["content", "Sed error facilis. Aut saepe repellat. Id consequatur repellendus."], ["created_at", "2020-01-28 11:50:37.903809"], ["updated_at", "2020-01-28 11:50:37.903809"]]
  [1m[35m (0.3ms)[0m  [1m[35mCOMMIT[0m
  [1m[35m (0.1ms)[0m  [1m[35mBEGIN[0m
  [1m[36mNotice Create (0.2ms)[0m  [1m[32mINSERT INTO "notices" ("title", "author", "content", "created_at", "updated_at") VALUES ($1, $2, $3, $4, $5) RETURNING "id"[0m  [["title", "There's nothing quite like urinating in the open air."], ["author", "Kasuf"], ["content", "Est ut non. Dolore velit doloremque. Labore voluptatum non."], ["created_at", "2020-01-28 11:50:37.906429"], ["updated_at", "2020-01-28 11:50:37.906429"]]
  [1m[35m (0.3ms)[0m  [1m[35mCOMMIT[0m
  [1m[35m (0.1ms)[0m  [1m[35mBEGIN[0m
  [1m[36mNotice Create (0.1ms)[0m  [1m[32mINSERT INTO "notices" ("title", "author", "content", "created_at", "updated_at") VALUES ($1, $2, $3, $4, $5) RETURNING "id"[0m  [["title", "Wow, Bob, wow."], ["author", "Harlan"], ["content", "Inventore enim omnis. Reprehenderit optio qui. Facilis aperiam quia."], ["created_at", "2020-01-28 11:50:37.908950"], ["updated_at", "2020-01-28 11:50:37.908950"]]
  [1m[35m (0.3ms)[0m  [1m[35mCOMMIT[0m
  [1m[35m (0.1ms)[0m  [1m[35mBEGIN[0m
  [1m[36mNotice Create (0.2ms)[0m  [1m[32mINSERT INTO "notices" ("title", "author", "content", "created_at", "updated_at") VALUES ($1, $2, $3, $4, $5) RETURNING "id"[0m  [["title", "Every day, once a day, give yourself a present."], ["author", "Ba'al"], ["content", "Quas aliquid impedit. Suscipit earum nam. Quidem enim fuga."], ["created_at", "2020-01-28 11:50:37.911607"], ["updated_at", "2020-01-28 11:50:37.911607"]]
  [1m[35m (0.3ms)[0m  [1m[35mCOMMIT[0m
  [1m[35m (0.1ms)[0m  [1m[35mBEGIN[0m
  [1m[36mNotice Create (0.2ms)[0m  [1m[32mINSERT INTO "notices" ("title", "author", "content", "created_at", "updated_at") VALUES ($1, $2, $3, $4, $5) RETURNING "id"[0m  [["title", "How's Annie? How's Annie? How's Annie?"], ["author", "Martouf"], ["content", "Quaerat qui qui. Vero aut alias. Voluptatum aut a."], ["created_at", "2020-01-28 11:50:37.914460"], ["updated_at", "2020-01-28 11:50:37.914460"]]
  [1m[35m (0.3ms)[0m  [1m[35mCOMMIT[0m
  [1m[35m (0.1ms)[0m  [1m[35mBEGIN[0m
  [1m[36mNotice Create (0.2ms)[0m  [1m[32mINSERT INTO "notices" ("title", "author", "content", "created_at", "updated_at") VALUES ($1, $2, $3, $4, $5) RETURNING "id"[0m  [["title", "Black as midnight on a moonless night."], ["author", "Heru-ur"], ["content", "Provident voluptatibus excepturi. Aut eligendi quia. Qui delectus eveniet."], ["created_at", "2020-01-28 11:50:37.917195"], ["updated_at", "2020-01-28 11:50:37.917195"]]
  [1m[35m (0.3ms)[0m  [1m[35mCOMMIT[0m
  [1m[35m (0.1ms)[0m  [1m[35mBEGIN[0m
  [1m[36mNotice Create (0.2ms)[0m  [1m[32mINSERT INTO "notices" ("title", "author", "content", "created_at", "updated_at") VALUES ($1, $2, $3, $4, $5) RETURNING "id"[0m  [["title", "COOPER, YOU REMIND ME TODAY OF A SMALL MEXICAN CHIHUAHUA."], ["author", "Samantha Carter"], ["content", "Repellendus rerum velit. Id aut illum. Iure est quae."], ["created_at", "2020-01-28 11:50:37.920067"], ["updated_at", "2020-01-28 11:50:37.920067"]]
  [1m[35m (0.4ms)[0m  [1m[35mCOMMIT[0m
  [1m[35m (0.1ms)[0m  [1m[35mBEGIN[0m
  [1m[36mNotice Create (0.2ms)[0m  [1m[32mINSERT INTO "notices" ("title", "author", "content", "created_at", "updated_at") VALUES ($1, $2, $3, $4, $5) RETURNING "id"[0m  [["title", "The owls are not what they seem."], ["author", "Sha're"], ["content", "Est nulla ex. Et ratione id. Aut necessitatibus corporis."], ["created_at", "2020-01-28 11:50:37.922865"], ["updated_at", "2020-01-28 11:50:37.922865"]]
  [1m[35m (0.4ms)[0m  [1m[35mCOMMIT[0m
  [1m[35m (0.1ms)[0m  [1m[35mBEGIN[0m
  [1m[36mNotice Create (0.2ms)[0m  [1m[32mINSERT INTO "notices" ("title", "author", "content", "created_at", "updated_at") VALUES ($1, $2, $3, $4, $5) RETURNING "id"[0m  [["title", "There was a fish in the percolator!"], ["author", "Anubis"], ["content", "Et distinctio et. Dolores non aut. Est officia unde."], ["created_at", "2020-01-28 11:50:37.926002"], ["updated_at", "2020-01-28 11:50:37.926002"]]
  [1m[35m (0.3ms)[0m  [1m[35mCOMMIT[0m
  [1m[35m (0.1ms)[0m  [1m[35mBEGIN[0m
  [1m[36mNotice Create (0.2ms)[0m  [1m[32mINSERT INTO "notices" ("title", "author", "content", "created_at", "updated_at") VALUES ($1, $2, $3, $4, $5) RETURNING "id"[0m  [["title", "Where we're from, the birds sing a pretty song, and there's always music in the air."], ["author", "George Hammond"], ["content", "Nostrum facere eos. Est quibusdam tempore. Ratione nam aperiam."], ["created_at", "2020-01-28 11:50:37.928704"], ["updated_at", "2020-01-28 11:50:37.928704"]]
  [1m[35m (0.3ms)[0m  [1m[35mCOMMIT[0m
  [1m[35m (0.1ms)[0m  [1m[35mBEGIN[0m
  [1m[36mNotice Create (0.2ms)[0m  [1m[32mINSERT INTO "notices" ("title", "author", "content", "created_at", "updated_at") VALUES ($1, $2, $3, $4, $5) RETURNING "id"[0m  [["title", "MAY A SMILE BE YOUR UMBRELLA. WE'VE ALL HAD OUR SOCKS TOSSED AROUND."], ["author", "Skaara"], ["content", "Et voluptatem cum. Eum rerum nam. Sint iste dolores."], ["created_at", "2020-01-28 11:50:37.931395"], ["updated_at", "2020-01-28 11:50:37.931395"]]
  [1m[35m (0.3ms)[0m  [1m[35mCOMMIT[0m
  [1m[35m (0.1ms)[0m  [1m[35mBEGIN[0m
  [1m[36mNotice Create (0.2ms)[0m  [1m[32mINSERT INTO "notices" ("title", "author", "content", "created_at", "updated_at") VALUES ($1, $2, $3, $4, $5) RETURNING "id"[0m  [["title", "MAY A SMILE BE YOUR UMBRELLA. WE'VE ALL HAD OUR SOCKS TOSSED AROUND."], ["author", "Vala Mal Doran"], ["content", "In sapiente molestiae. Et amet accusamus. Velit est nulla."], ["created_at", "2020-01-28 11:50:37.934018"], ["updated_at", "2020-01-28 11:50:37.934018"]]
  [1m[35m (0.3ms)[0m  [1m[35mCOMMIT[0m
  [1m[35m (0.1ms)[0m  [1m[35mBEGIN[0m
  [1m[36mNotice Create (0.2ms)[0m  [1m[32mINSERT INTO "notices" ("title", "author", "content", "created_at", "updated_at") VALUES ($1, $2, $3, $4, $5) RETURNING "id"[0m  [["title", "Windom Earle's mind is like a diamond. It's cold, and hard, and brilliant."], ["author", "Selmak"], ["content", "Alias facilis libero. Aut sed culpa. Occaecati dolorem ut."], ["created_at", "2020-01-28 11:50:37.936923"], ["updated_at", "2020-01-28 11:50:37.936923"]]
  [1m[35m (0.3ms)[0m  [1m[35mCOMMIT[0m
  [1m[35m (0.1ms)[0m  [1m[35mBEGIN[0m
  [1m[36mNotice Create (0.2ms)[0m  [1m[32mINSERT INTO "notices" ("title", "author", "content", "created_at", "updated_at") VALUES ($1, $2, $3, $4, $5) RETURNING "id"[0m  [["title", "There was a fish in the percolator!"], ["author", "Samantha Carter"], ["content", "Minus dolores reprehenderit. Quaerat dolorem quidem. Saepe nobis vel."], ["created_at", "2020-01-28 11:50:37.939708"], ["updated_at", "2020-01-28 11:50:37.939708"]]
  [1m[35m (0.3ms)[0m  [1m[35mCOMMIT[0m
  [1m[35m (0.1ms)[0m  [1m[35mBEGIN[0m
  [1m[36mNotice Create (0.2ms)[0m  [1m[32mINSERT INTO "notices" ("title", "author", "content", "created_at", "updated_at") VALUES ($1, $2, $3, $4, $5) RETURNING "id"[0m  [["title", "It has been a pleasure speaking to you."], ["author", "Harlan"], ["content", "Delectus reiciendis laborum. Ratione nam temporibus. Tempora fugit debitis."], ["created_at", "2020-01-28 11:50:37.942438"], ["updated_at", "2020-01-28 11:50:37.942438"]]
  [1m[35m (0.3ms)[0m  [1m[35mCOMMIT[0m
  [1m[35m (0.1ms)[0m  [1m[35mBEGIN[0m
  [1m[36mNotice Create (0.2ms)[0m  [1m[32mINSERT INTO "notices" ("title", "author", "content", "created_at", "updated_at") VALUES ($1, $2, $3, $4, $5) RETURNING "id"[0m  [["title", "Through the darkness of future's past, the magician longs to see. One chants out between two worlds... \"Fire... walk with me.\""], ["author", "Thor"], ["content", "Natus ut laudantium. Est exercitationem consequatur. Nobis officiis ut."], ["created_at", "2020-01-28 11:50:37.945149"], ["updated_at", "2020-01-28 11:50:37.945149"]]
  [1m[35m (0.3ms)[0m  [1m[35mCOMMIT[0m
  [1m[35m (0.1ms)[0m  [1m[35mBEGIN[0m
  [1m[36mNotice Create (0.2ms)[0m  [1m[32mINSERT INTO "notices" ("title", "author", "content", "created_at", "updated_at") VALUES ($1, $2, $3, $4, $5) RETURNING "id"[0m  [["title", "Through the darkness of future's past, the magician longs to see. One chants out between two worlds... \"Fire... walk with me.\""], ["author", "Kawalsky"], ["content", "Et non temporibus. Deserunt exercitationem soluta. Corrupti molestias nisi."], ["created_at", "2020-01-28 11:50:37.947709"], ["updated_at", "2020-01-28 11:50:37.947709"]]
  [1m[35m (0.3ms)[0m  [1m[35mCOMMIT[0m
  [1m[35m (0.1ms)[0m  [1m[35mBEGIN[0m
  [1m[36mNotice Create (0.2ms)[0m  [1m[32mINSERT INTO "notices" ("title", "author", "content", "created_at", "updated_at") VALUES ($1, $2, $3, $4, $5) RETURNING "id"[0m  [["title", "MAY A SMILE BE YOUR UMBRELLA. WE'VE ALL HAD OUR SOCKS TOSSED AROUND."], ["author", "Cameron Mitchell"], ["content", "Repudiandae voluptatem maiores. Qui neque inventore. Eum nobis natus."], ["created_at", "2020-01-28 11:50:37.950342"], ["updated_at", "2020-01-28 11:50:37.950342"]]
  [1m[35m (0.3ms)[0m  [1m[35mCOMMIT[0m
  [1m[35m (0.1ms)[0m  [1m[35mBEGIN[0m
  [1m[36mNotice Create (0.2ms)[0m  [1m[32mINSERT INTO "notices" ("title", "author", "content", "created_at", "updated_at") VALUES ($1, $2, $3, $4, $5) RETURNING "id"[0m  [["title", "Black as midnight on a moonless night."], ["author", "Anubis"], ["content", "Amet doloribus qui. Aspernatur dignissimos maxime. Quia perspiciatis laudantium."], ["created_at", "2020-01-28 11:50:37.953046"], ["updated_at", "2020-01-28 11:50:37.953046"]]
  [1m[35m (0.3ms)[0m  [1m[35mCOMMIT[0m
  [1m[35m (0.1ms)[0m  [1m[35mBEGIN[0m
  [1m[36mNotice Create (0.2ms)[0m  [1m[32mINSERT INTO "notices" ("title", "author", "content", "created_at", "updated_at") VALUES ($1, $2, $3, $4, $5) RETURNING "id"[0m  [["title", "Sometimes jokes are welcome. Like the one about the kid who said: \"I enjoyed school. It was just the principal of the thing.\""], ["author", "Martouf"], ["content", "Voluptas hic voluptas. Amet in est. Dicta cumque dolorem."], ["created_at", "2020-01-28 11:50:37.955639"], ["updated_at", "2020-01-28 11:50:37.955639"]]
  [1m[35m (0.3ms)[0m  [1m[35mCOMMIT[0m
  [1m[35m (0.1ms)[0m  [1m[35mBEGIN[0m
  [1m[36mNotice Create (0.2ms)[0m  [1m[32mINSERT INTO "notices" ("title", "author", "content", "created_at", "updated_at") VALUES ($1, $2, $3, $4, $5) RETURNING "id"[0m  [["title", "Cooper, you may be fearless in this world, but there are other worlds."], ["author", "Bra'tac"], ["content", "Recusandae ut quae. Vel dignissimos quas. Et fugit et."], ["created_at", "2020-01-28 11:50:37.958466"], ["updated_at", "2020-01-28 11:50:37.958466"]]
  [1m[35m (0.3ms)[0m  [1m[35mCOMMIT[0m
  [1m[35m (0.1ms)[0m  [1m[35mBEGIN[0m
  [1m[36mNotice Create (0.2ms)[0m  [1m[32mINSERT INTO "notices" ("title", "author", "content", "created_at", "updated_at") VALUES ($1, $2, $3, $4, $5) RETURNING "id"[0m  [["title", "Black as midnight on a moonless night."], ["author", "Harlan"], ["content", "Deserunt nisi odit. Dolores non dolor. Quas placeat quidem."], ["created_at", "2020-01-28 11:50:37.961101"], ["updated_at", "2020-01-28 11:50:37.961101"]]
  [1m[35m (0.3ms)[0m  [1m[35mCOMMIT[0m
  [1m[35m (0.1ms)[0m  [1m[35mBEGIN[0m
  [1m[36mNotice Create (0.2ms)[0m  [1m[32mINSERT INTO "notices" ("title", "author", "content", "created_at", "updated_at") VALUES ($1, $2, $3, $4, $5) RETURNING "id"[0m  [["title", "Windom Earle's mind is like a diamond. It's cold, and hard, and brilliant."], ["author", "Hathor"], ["content", "Sed ut voluptatem. Amet est voluptate. Perspiciatis voluptatem animi."], ["created_at", "2020-01-28 11:50:37.963865"], ["updated_at", "2020-01-28 11:50:37.963865"]]
  [1m[35m (0.3ms)[0m  [1m[35mCOMMIT[0m
  [1m[35m (0.1ms)[0m  [1m[35mBEGIN[0m
  [1m[36mNotice Create (0.2ms)[0m  [1m[32mINSERT INTO "notices" ("title", "author", "content", "created_at", "updated_at") VALUES ($1, $2, $3, $4, $5) RETURNING "id"[0m  [["title", "Where we're from, the birds sing a pretty song, and there's always music in the air."], ["author", "Janet Frasier"], ["content", "Qui accusantium quis. At et nam. Ipsum ducimus qui."], ["created_at", "2020-01-28 11:50:37.966832"], ["updated_at", "2020-01-28 11:50:37.966832"]]
  [1m[35m (0.3ms)[0m  [1m[35mCOMMIT[0m
  [1m[35m (0.1ms)[0m  [1m[35mBEGIN[0m
  [1m[36mNotice Create (0.2ms)[0m  [1m[32mINSERT INTO "notices" ("title", "author", "content", "created_at", "updated_at") VALUES ($1, $2, $3, $4, $5) RETURNING "id"[0m  [["title", "There was a fish in the percolator!"], ["author", "Hathor"], ["content", "Hic est aut. Sed dolor et. Ut nemo aut."], ["created_at", "2020-01-28 11:50:37.969369"], ["updated_at", "2020-01-28 11:50:37.969369"]]
  [1m[35m (0.3ms)[0m  [1m[35mCOMMIT[0m
  [1m[35m (0.1ms)[0m  [1m[35mBEGIN[0m
  [1m[36mNotice Create (0.2ms)[0m  [1m[32mINSERT INTO "notices" ("title", "author", "content", "created_at", "updated_at") VALUES ($1, $2, $3, $4, $5) RETURNING "id"[0m  [["title", "The owls are not what they seem."], ["author", "Daniel Jackson"], ["content", "Consequatur omnis quia. Dolorum aut rerum. Rerum qui quae."], ["created_at", "2020-01-28 11:50:37.971996"], ["updated_at", "2020-01-28 11:50:37.971996"]]
  [1m[35m (0.4ms)[0m  [1m[35mCOMMIT[0m
  [1m[35m (0.1ms)[0m  [1m[35mBEGIN[0m
  [1m[36mNotice Create (0.1ms)[0m  [1m[32mINSERT INTO "notices" ("title", "author", "content", "created_at", "updated_at") VALUES ($1, $2, $3, $4, $5) RETURNING "id"[0m  [["title", "COOPER, YOU REMIND ME TODAY OF A SMALL MEXICAN CHIHUAHUA."], ["author", "Harlan"], ["content", "At autem vel. Minus repudiandae quam. Et in rerum."], ["created_at", "2020-01-28 11:50:37.974569"], ["updated_at", "2020-01-28 11:50:37.974569"]]
  [1m[35m (0.3ms)[0m  [1m[35mCOMMIT[0m
  [1m[35m (0.1ms)[0m  [1m[35mBEGIN[0m
  [1m[36mNotice Create (0.2ms)[0m  [1m[32mINSERT INTO "notices" ("title", "author", "content", "created_at", "updated_at") VALUES ($1, $2, $3, $4, $5) RETURNING "id"[0m  [["title", "Every day, once a day, give yourself a present."], ["author", "Jacob Carter"], ["content", "Facere possimus necessitatibus. Saepe molestias enim. Culpa qui minima."], ["created_at", "2020-01-28 11:50:37.977013"], ["updated_at", "2020-01-28 11:50:37.977013"]]
  [1m[35m (0.3ms)[0m  [1m[35mCOMMIT[0m
  [1m[35m (0.1ms)[0m  [1m[35mBEGIN[0m
  [1m[36mNotice Create (0.5ms)[0m  [1m[32mINSERT INTO "notices" ("title", "author", "content", "created_at", "updated_at") VALUES ($1, $2, $3, $4, $5) RETURNING "id"[0m  [["title", "YOU ARE WITNESSING A FRONT THREE-QUARTER VIEW OF TWO ADULTS SHARING A TENDER MOMENT"], ["author", "Sokar"], ["content", "Est temporibus sed. Assumenda est magni. Officiis ut nisi."], ["created_at", "2020-01-28 11:50:37.979630"], ["updated_at", "2020-01-28 11:50:37.979630"]]
  [1m[35m (0.3ms)[0m  [1m[35mCOMMIT[0m
  [1m[35m (0.1ms)[0m  [1m[35mBEGIN[0m
  [1m[36mNotice Create (0.2ms)[0m  [1m[32mINSERT INTO "notices" ("title", "author", "content", "created_at", "updated_at") VALUES ($1, $2, $3, $4, $5) RETURNING "id"[0m  [["title", "Sometimes jokes are welcome. Like the one about the kid who said: \"I enjoyed school. It was just the principal of the thing.\""], ["author", "Apophis"], ["content", "Sapiente velit molestias. Hic corrupti aut. Deserunt consequuntur praesentium."], ["created_at", "2020-01-28 11:50:37.982596"], ["updated_at", "2020-01-28 11:50:37.982596"]]
  [1m[35m (0.4ms)[0m  [1m[35mCOMMIT[0m
  [1m[35m (0.1ms)[0m  [1m[35mBEGIN[0m
  [1m[36mNotice Create (0.2ms)[0m  [1m[32mINSERT INTO "notices" ("title", "author", "content", "created_at", "updated_at") VALUES ($1, $2, $3, $4, $5) RETURNING "id"[0m  [["title", "Sometimes jokes are welcome. Like the one about the kid who said: \"I enjoyed school. It was just the principal of the thing.\""], ["author", "Vala Mal Doran"], ["content", "Sint eaque quidem. Ad temporibus ea. Ipsum rerum modi."], ["created_at", "2020-01-28 11:50:37.985191"], ["updated_at", "2020-01-28 11:50:37.985191"]]
  [1m[35m (0.3ms)[0m  [1m[35mCOMMIT[0m
  [1m[35m (0.1ms)[0m  [1m[35mBEGIN[0m
  [1m[36mNotice Create (0.2ms)[0m  [1m[32mINSERT INTO "notices" ("title", "author", "content", "created_at", "updated_at") VALUES ($1, $2, $3, $4, $5) RETURNING "id"[0m  [["title", "The owls are not what they seem."], ["author", "Hathor"], ["content", "Distinctio eos impedit. Maiores cum sed. Voluptatem aspernatur et."], ["created_at", "2020-01-28 11:50:37.987729"], ["updated_at", "2020-01-28 11:50:37.987729"]]
  [1m[35m (0.3ms)[0m  [1m[35mCOMMIT[0m
  [1m[35m (0.1ms)[0m  [1m[35mBEGIN[0m
  [1m[36mNotice Create (0.2ms)[0m  [1m[32mINSERT INTO "notices" ("title", "author", "content", "created_at", "updated_at") VALUES ($1, $2, $3, $4, $5) RETURNING "id"[0m  [["title", "I don't wanna talk. I wanna shoot."], ["author", "Cassandra"], ["content", "Quis sapiente ex. Sunt suscipit consectetur. Minima quo recusandae."], ["created_at", "2020-01-28 11:50:37.990290"], ["updated_at", "2020-01-28 11:50:37.990290"]]
  [1m[35m (0.4ms)[0m  [1m[35mCOMMIT[0m
  [1m[35m (0.1ms)[0m  [1m[35mBEGIN[0m
  [1m[36mNotice Create (0.2ms)[0m  [1m[32mINSERT INTO "notices" ("title", "author", "content", "created_at", "updated_at") VALUES ($1, $2, $3, $4, $5) RETURNING "id"[0m  [["title", "Harry, is that bag smiling?"], ["author", "Bra'tac"], ["content", "Harum nam praesentium. Eum quibusdam est. Aut asperiores autem."], ["created_at", "2020-01-28 11:50:37.993219"], ["updated_at", "2020-01-28 11:50:37.993219"]]
  [1m[35m (0.3ms)[0m  [1m[35mCOMMIT[0m
  [1m[35m (0.1ms)[0m  [1m[35mBEGIN[0m
  [1m[36mNotice Create (0.2ms)[0m  [1m[32mINSERT INTO "notices" ("title", "author", "content", "created_at", "updated_at") VALUES ($1, $2, $3, $4, $5) RETURNING "id"[0m  [["title", "Black as midnight on a moonless night."], ["author", "Osiris"], ["content", "Minima repudiandae non. Et enim perspiciatis. Nesciunt aliquam doloribus."], ["created_at", "2020-01-28 11:50:37.995838"], ["updated_at", "2020-01-28 11:50:37.995838"]]
  [1m[35m (0.3ms)[0m  [1m[35mCOMMIT[0m
  [1m[35m (0.1ms)[0m  [1m[35mBEGIN[0m
  [1m[36mNotice Create (0.2ms)[0m  [1m[32mINSERT INTO "notices" ("title", "author", "content", "created_at", "updated_at") VALUES ($1, $2, $3, $4, $5) RETURNING "id"[0m  [["title", "Cooper, you may be fearless in this world, but there are other worlds."], ["author", "Jacob Carter"], ["content", "Nostrum eum quia. Quasi consequuntur voluptas. Qui velit at."], ["created_at", "2020-01-28 11:50:37.998443"], ["updated_at", "2020-01-28 11:50:37.998443"]]
  [1m[35m (0.3ms)[0m  [1m[35mCOMMIT[0m
  [1m[35m (0.1ms)[0m  [1m[35mBEGIN[0m
  [1m[36mNotice Create (0.2ms)[0m  [1m[32mINSERT INTO "notices" ("title", "author", "content", "created_at", "updated_at") VALUES ($1, $2, $3, $4, $5) RETURNING "id"[0m  [["title", "Do you want to know what the ultimate secret is? Laura did. The secret of knowing who killed you."], ["author", "Jack O'Neill"], ["content", "Omnis est et. Molestiae nulla dolorem. Omnis nam mollitia."], ["created_at", "2020-01-28 11:50:38.001083"], ["updated_at", "2020-01-28 11:50:38.001083"]]
  [1m[35m (0.3ms)[0m  [1m[35mCOMMIT[0m
  [1m[35m (0.1ms)[0m  [1m[35mBEGIN[0m
  [1m[36mNotice Create (0.2ms)[0m  [1m[32mINSERT INTO "notices" ("title", "author", "content", "created_at", "updated_at") VALUES ($1, $2, $3, $4, $5) RETURNING "id"[0m  [["title", "Sometimes jokes are welcome. Like the one about the kid who said: \"I enjoyed school. It was just the principal of the thing.\""], ["author", "Amonet"], ["content", "Ut et deserunt. Dignissimos impedit laborum. Error et quis."], ["created_at", "2020-01-28 11:50:38.003681"], ["updated_at", "2020-01-28 11:50:38.003681"]]
  [1m[35m (0.3ms)[0m  [1m[35mCOMMIT[0m
  [1m[35m (0.1ms)[0m  [1m[35mBEGIN[0m
  [1m[36mNotice Create (0.2ms)[0m  [1m[32mINSERT INTO "notices" ("title", "author", "content", "created_at", "updated_at") VALUES ($1, $2, $3, $4, $5) RETURNING "id"[0m  [["title", "Cooper, you may be fearless in this world, but there are other worlds."], ["author", "Janet Frasier"], ["content", "Officia eum consequatur. Ut autem perspiciatis. Illum voluptatum repellat."], ["created_at", "2020-01-28 11:50:38.006230"], ["updated_at", "2020-01-28 11:50:38.006230"]]
  [1m[35m (0.3ms)[0m  [1m[35mCOMMIT[0m
  [1m[35m (0.1ms)[0m  [1m[35mBEGIN[0m
  [1m[36mNotice Create (0.2ms)[0m  [1m[32mINSERT INTO "notices" ("title", "author", "content", "created_at", "updated_at") VALUES ($1, $2, $3, $4, $5) RETURNING "id"[0m  [["title", "It has been a pleasure speaking to you."], ["author", "Kasuf"], ["content", "Quas sunt voluptas. Dolor est in. Commodi sint dolore."], ["created_at", "2020-01-28 11:50:38.008805"], ["updated_at", "2020-01-28 11:50:38.008805"]]
  [1m[35m (0.3ms)[0m  [1m[35mCOMMIT[0m
  [1m[35m (0.1ms)[0m  [1m[35mBEGIN[0m
  [1m[36mNotice Create (0.3ms)[0m  [1m[32mINSERT INTO "notices" ("title", "author", "content", "created_at", "updated_at") VALUES ($1, $2, $3, $4, $5) RETURNING "id"[0m  [["title", "The owls are not what they seem."], ["author", "Klorel"], ["content", "Quam quidem et. Maxime ut in. Sed aut delectus."], ["created_at", "2020-01-28 11:50:38.011592"], ["updated_at", "2020-01-28 11:50:38.011592"]]
  [1m[35m (0.3ms)[0m  [1m[35mCOMMIT[0m
  [1m[35m (0.1ms)[0m  [1m[35mBEGIN[0m
  [1m[36mNotice Create (0.2ms)[0m  [1m[32mINSERT INTO "notices" ("title", "author", "content", "created_at", "updated_at") VALUES ($1, $2, $3, $4, $5) RETURNING "id"[0m  [["title", "There was a fish in the percolator!"], ["author", "Heru-ur"], ["content", "Nostrum qui et. Corrupti sint perspiciatis. Sed pariatur facilis."], ["created_at", "2020-01-28 11:50:38.027857"], ["updated_at", "2020-01-28 11:50:38.027857"]]
  [1m[35m (0.4ms)[0m  [1m[35mCOMMIT[0m
  [1m[35m (0.1ms)[0m  [1m[35mBEGIN[0m
  [1m[36mNotice Create (0.2ms)[0m  [1m[32mINSERT INTO "notices" ("title", "author", "content", "created_at", "updated_at") VALUES ($1, $2, $3, $4, $5) RETURNING "id"[0m  [["title", "There was a fish in the percolator!"], ["author", "Anubis"], ["content", "Hic laudantium quos. Doloremque fuga et. Soluta dolorem earum."], ["created_at", "2020-01-28 11:50:38.030491"], ["updated_at", "2020-01-28 11:50:38.030491"]]
  [1m[35m (0.3ms)[0m  [1m[35mCOMMIT[0m
  [1m[35m (0.1ms)[0m  [1m[35mBEGIN[0m
  [1m[36mNotice Create (0.3ms)[0m  [1m[32mINSERT INTO "notices" ("title", "author", "content", "created_at", "updated_at") VALUES ($1, $2, $3, $4, $5) RETURNING "id"[0m  [["title", "YOU ARE WITNESSING A FRONT THREE-QUARTER VIEW OF TWO ADULTS SHARING A TENDER MOMENT"], ["author", "Vala Mal Doran"], ["content", "Quia sequi fugiat. Eius placeat accusantium. Fugit voluptas quia."], ["created_at", "2020-01-28 11:50:38.032988"], ["updated_at", "2020-01-28 11:50:38.032988"]]
  [1m[35m (0.4ms)[0m  [1m[35mCOMMIT[0m
  [1m[35m (0.1ms)[0m  [1m[35mBEGIN[0m
  [1m[36mNotice Create (0.2ms)[0m  [1m[32mINSERT INTO "notices" ("title", "author", "content", "created_at", "updated_at") VALUES ($1, $2, $3, $4, $5) RETURNING "id"[0m  [["title", "Will this sadness that makes me cry my heart out — will it ever end? The answer, of course, is yes. One day the sadness will end."], ["author", "Lantash"], ["content", "Et iste sit. Doloremque cum fuga. Nobis autem esse."], ["created_at", "2020-01-28 11:50:38.036006"], ["updated_at", "2020-01-28 11:50:38.036006"]]
  [1m[35m (0.3ms)[0m  [1m[35mCOMMIT[0m
  [1m[35m (0.1ms)[0m  [1m[35mBEGIN[0m
  [1m[36mNotice Create (0.2ms)[0m  [1m[32mINSERT INTO "notices" ("title", "author", "content", "created_at", "updated_at") VALUES ($1, $2, $3, $4, $5) RETURNING "id"[0m  [["title", "Do you want to know what the ultimate secret is? Laura did. The secret of knowing who killed you."], ["author", "Harlan"], ["content", "Consectetur aspernatur consequatur. Sit sunt placeat. Tempora corporis qui."], ["created_at", "2020-01-28 11:50:38.038798"], ["updated_at", "2020-01-28 11:50:38.038798"]]
  [1m[35m (0.3ms)[0m  [1m[35mCOMMIT[0m
  [1m[35m (0.1ms)[0m  [1m[35mBEGIN[0m
  [1m[36mNotice Create (0.2ms)[0m  [1m[32mINSERT INTO "notices" ("title", "author", "content", "created_at", "updated_at") VALUES ($1, $2, $3, $4, $5) RETURNING "id"[0m  [["title", "COOPER, YOU REMIND ME TODAY OF A SMALL MEXICAN CHIHUAHUA."], ["author", "Osiris"], ["content", "Enim vero excepturi. Possimus temporibus dignissimos. Atque praesentium vel."], ["created_at", "2020-01-28 11:50:38.041322"], ["updated_at", "2020-01-28 11:50:38.041322"]]
  [1m[35m (0.3ms)[0m  [1m[35mCOMMIT[0m
  [1m[35m (0.1ms)[0m  [1m[35mBEGIN[0m
  [1m[36mNotice Create (0.2ms)[0m  [1m[32mINSERT INTO "notices" ("title", "author", "content", "created_at", "updated_at") VALUES ($1, $2, $3, $4, $5) RETURNING "id"[0m  [["title", "I don't wanna talk. I wanna shoot."], ["author", "Sokar"], ["content", "Fuga nobis voluptate. Facilis qui ratione. Ut dolorum magnam."], ["created_at", "2020-01-28 11:50:38.043795"], ["updated_at", "2020-01-28 11:50:38.043795"]]
  [1m[35m (0.4ms)[0m  [1m[35mCOMMIT[0m
  [1m[35m (0.1ms)[0m  [1m[35mBEGIN[0m
  [1m[36mNotice Create (0.2ms)[0m  [1m[32mINSERT INTO "notices" ("title", "author", "content", "created_at", "updated_at") VALUES ($1, $2, $3, $4, $5) RETURNING "id"[0m  [["title", "COOPER, YOU REMIND ME TODAY OF A SMALL MEXICAN CHIHUAHUA."], ["author", "Anubis"], ["content", "Maiores et quos. Doloremque odio sunt. Excepturi et quibusdam."], ["created_at", "2020-01-28 11:50:38.046245"], ["updated_at", "2020-01-28 11:50:38.046245"]]
  [1m[35m (0.3ms)[0m  [1m[35mCOMMIT[0m
  [1m[35m (0.1ms)[0m  [1m[35mBEGIN[0m
  [1m[36mNotice Create (0.2ms)[0m  [1m[32mINSERT INTO "notices" ("title", "author", "content", "created_at", "updated_at") VALUES ($1, $2, $3, $4, $5) RETURNING "id"[0m  [["title", "Every day, once a day, give yourself a present."], ["author", "Osiris"], ["content", "Esse accusamus id. Culpa et dignissimos. Dicta fugiat optio."], ["created_at", "2020-01-28 11:50:38.048639"], ["updated_at", "2020-01-28 11:50:38.048639"]]
  [1m[35m (0.3ms)[0m  [1m[35mCOMMIT[0m
  [1m[35m (0.1ms)[0m  [1m[35mBEGIN[0m
  [1m[36mNotice Create (0.2ms)[0m  [1m[32mINSERT INTO "notices" ("title", "author", "content", "created_at", "updated_at") VALUES ($1, $2, $3, $4, $5) RETURNING "id"[0m  [["title", "She's dead... Wrapped in plastic."], ["author", "Apophis"], ["content", "Dolorem soluta amet. Accusamus dolores qui. Neque et perspiciatis."], ["created_at", "2020-01-28 11:50:38.051037"], ["updated_at", "2020-01-28 11:50:38.051037"]]
  [1m[35m (0.3ms)[0m  [1m[35mCOMMIT[0m
  [1m[35m (0.1ms)[0m  [1m[35mBEGIN[0m
  [1m[36mNotice Create (0.2ms)[0m  [1m[32mINSERT INTO "notices" ("title", "author", "content", "created_at", "updated_at") VALUES ($1, $2, $3, $4, $5) RETURNING "id"[0m  [["title", "Every day, once a day, give yourself a present."], ["author", "Jacob Carter"], ["content", "Cum sed sed. Delectus voluptatem dicta. Nemo eos quae."], ["created_at", "2020-01-28 11:50:38.053532"], ["updated_at", "2020-01-28 11:50:38.053532"]]
  [1m[35m (0.4ms)[0m  [1m[35mCOMMIT[0m
  [1m[35m (0.1ms)[0m  [1m[35mBEGIN[0m
  [1m[36mNotice Create (0.2ms)[0m  [1m[32mINSERT INTO "notices" ("title", "author", "content", "created_at", "updated_at") VALUES ($1, $2, $3, $4, $5) RETURNING "id"[0m  [["title", "The owls are not what they seem."], ["author", "Anubis"], ["content", "Doloremque rerum suscipit. Veniam sed totam. Ut officiis eius."], ["created_at", "2020-01-28 11:50:38.055996"], ["updated_at", "2020-01-28 11:50:38.055996"]]
  [1m[35m (0.3ms)[0m  [1m[35mCOMMIT[0m
  [1m[35m (0.1ms)[0m  [1m[35mBEGIN[0m
  [1m[36mNotice Create (0.2ms)[0m  [1m[32mINSERT INTO "notices" ("title", "author", "content", "created_at", "updated_at") VALUES ($1, $2, $3, $4, $5) RETURNING "id"[0m  [["title", "How's Annie? How's Annie? How's Annie?"], ["author", "Osiris"], ["content", "Sunt ab sit. Saepe repudiandae odio. Vero ut et."], ["created_at", "2020-01-28 11:50:38.058391"], ["updated_at", "2020-01-28 11:50:38.058391"]]
  [1m[35m (0.4ms)[0m  [1m[35mCOMMIT[0m
  [1m[35m (0.1ms)[0m  [1m[35mBEGIN[0m
  [1m[36mNotice Create (0.2ms)[0m  [1m[32mINSERT INTO "notices" ("title", "author", "content", "created_at", "updated_at") VALUES ($1, $2, $3, $4, $5) RETURNING "id"[0m  [["title", "J'ai une âme solitaire."], ["author", "Selmak"], ["content", "Blanditiis dicta molestias. Numquam ipsam consequatur. Eum et quaerat."], ["created_at", "2020-01-28 11:50:38.060842"], ["updated_at", "2020-01-28 11:50:38.060842"]]
  [1m[35m (0.3ms)[0m  [1m[35mCOMMIT[0m
  [1m[35m (0.1ms)[0m  [1m[35mBEGIN[0m
  [1m[36mNotice Create (0.2ms)[0m  [1m[32mINSERT INTO "notices" ("title", "author", "content", "created_at", "updated_at") VALUES ($1, $2, $3, $4, $5) RETURNING "id"[0m  [["title", "There's nothing quite like urinating in the open air."], ["author", "Janet Frasier"], ["content", "Sequi atque voluptatem. Excepturi sunt optio. Sunt explicabo est."], ["created_at", "2020-01-28 11:50:38.063359"], ["updated_at", "2020-01-28 11:50:38.063359"]]
  [1m[35m (0.4ms)[0m  [1m[35mCOMMIT[0m
  [1m[35m (0.1ms)[0m  [1m[35mBEGIN[0m
  [1m[36mNotice Create (0.2ms)[0m  [1m[32mINSERT INTO "notices" ("title", "author", "content", "created_at", "updated_at") VALUES ($1, $2, $3, $4, $5) RETURNING "id"[0m  [["title", "Wow, Bob, wow."], ["author", "Sha're"], ["content", "Dolorum deleniti voluptatibus. Laborum non est. Sit minima omnis."], ["created_at", "2020-01-28 11:50:38.065816"], ["updated_at", "2020-01-28 11:50:38.065816"]]
  [1m[35m (0.3ms)[0m  [1m[35mCOMMIT[0m
  [1m[35m (0.1ms)[0m  [1m[35mBEGIN[0m
  [1m[36mNotice Create (0.2ms)[0m  [1m[32mINSERT INTO "notices" ("title", "author", "content", "created_at", "updated_at") VALUES ($1, $2, $3, $4, $5) RETURNING "id"[0m  [["title", "Do you want to know what the ultimate secret is? Laura did. The secret of knowing who killed you."], ["author", "Skaara"], ["content", "Beatae cupiditate ex. Magni aspernatur sint. Officiis dicta aut."], ["created_at", "2020-01-28 11:50:38.068202"], ["updated_at", "2020-01-28 11:50:38.068202"]]
  [1m[35m (0.3ms)[0m  [1m[35mCOMMIT[0m
  [1m[35m (0.1ms)[0m  [1m[35mBEGIN[0m
  [1m[36mNotice Create (0.2ms)[0m  [1m[32mINSERT INTO "notices" ("title", "author", "content", "created_at", "updated_at") VALUES ($1, $2, $3, $4, $5) RETURNING "id"[0m  [["title", "Where we're from, the birds sing a pretty song, and there's always music in the air."], ["author", "Janet Frasier"], ["content", "Natus consequuntur consequatur. Officia eum eaque. Sed velit voluptatem."], ["created_at", "2020-01-28 11:50:38.070576"], ["updated_at", "2020-01-28 11:50:38.070576"]]
  [1m[35m (0.4ms)[0m  [1m[35mCOMMIT[0m
  [1m[35m (0.1ms)[0m  [1m[35mBEGIN[0m
  [1m[36mNotice Create (0.2ms)[0m  [1m[32mINSERT INTO "notices" ("title", "author", "content", "created_at", "updated_at") VALUES ($1, $2, $3, $4, $5) RETURNING "id"[0m  [["title", "Wow, Bob, wow."], ["author", "Cassandra"], ["content", "Quo asperiores qui. Et sint omnis. Aut ipsum assumenda."], ["created_at", "2020-01-28 11:50:38.072996"], ["updated_at", "2020-01-28 11:50:38.072996"]]
  [1m[35m (0.3ms)[0m  [1m[35mCOMMIT[0m
  [1m[35m (0.1ms)[0m  [1m[35mBEGIN[0m
  [1m[36mNotice Create (0.2ms)[0m  [1m[32mINSERT INTO "notices" ("title", "author", "content", "created_at", "updated_at") VALUES ($1, $2, $3, $4, $5) RETURNING "id"[0m  [["title", "I have no idea where this will lead us. But I have a definite feeling it will be a place both wonderful and strange."], ["author", "Cameron Mitchell"], ["content", "Aliquam ad at. Qui consectetur soluta. Fugiat consectetur cumque."], ["created_at", "2020-01-28 11:50:38.075458"], ["updated_at", "2020-01-28 11:50:38.075458"]]
  [1m[35m (0.3ms)[0m  [1m[35mCOMMIT[0m
  [1m[35m (0.1ms)[0m  [1m[35mBEGIN[0m
  [1m[36mNotice Create (0.2ms)[0m  [1m[32mINSERT INTO "notices" ("title", "author", "content", "created_at", "updated_at") VALUES ($1, $2, $3, $4, $5) RETURNING "id"[0m  [["title", "She's dead... Wrapped in plastic."], ["author", "Cameron Mitchell"], ["content", "Esse et eligendi. Nulla unde dolores. Quaerat voluptate sunt."], ["created_at", "2020-01-28 11:50:38.078022"], ["updated_at", "2020-01-28 11:50:38.078022"]]
  [1m[35m (0.3ms)[0m  [1m[35mCOMMIT[0m
  [1m[35m (0.1ms)[0m  [1m[35mBEGIN[0m
  [1m[36mNotice Create (0.2ms)[0m  [1m[32mINSERT INTO "notices" ("title", "author", "content", "created_at", "updated_at") VALUES ($1, $2, $3, $4, $5) RETURNING "id"[0m  [["title", "There's nothing quite like urinating in the open air."], ["author", "Ba'al"], ["content", "Voluptas asperiores ipsam. Sed aut doloremque. Labore quae quis."], ["created_at", "2020-01-28 11:50:38.080499"], ["updated_at", "2020-01-28 11:50:38.080499"]]
  [1m[35m (0.4ms)[0m  [1m[35mCOMMIT[0m
  [1m[35m (0.1ms)[0m  [1m[35mBEGIN[0m
  [1m[36mNotice Create (0.2ms)[0m  [1m[32mINSERT INTO "notices" ("title", "author", "content", "created_at", "updated_at") VALUES ($1, $2, $3, $4, $5) RETURNING "id"[0m  [["title", "Windom Earle's mind is like a diamond. It's cold, and hard, and brilliant."], ["author", "Heru-ur"], ["content", "Doloribus velit est. Est perspiciatis perferendis. Eligendi rem vero."], ["created_at", "2020-01-28 11:50:38.082946"], ["updated_at", "2020-01-28 11:50:38.082946"]]
  [1m[35m (0.3ms)[0m  [1m[35mCOMMIT[0m
  [1m[35m (0.1ms)[0m  [1m[35mBEGIN[0m
  [1m[36mNotice Create (0.2ms)[0m  [1m[32mINSERT INTO "notices" ("title", "author", "content", "created_at", "updated_at") VALUES ($1, $2, $3, $4, $5) RETURNING "id"[0m  [["title", "Wow, Bob, wow."], ["author", "Hathor"], ["content", "Sint exercitationem laudantium. Ipsum magni non. Accusamus voluptas eveniet."], ["created_at", "2020-01-28 11:50:38.085325"], ["updated_at", "2020-01-28 11:50:38.085325"]]
  [1m[35m (0.3ms)[0m  [1m[35mCOMMIT[0m
  [1m[35m (0.1ms)[0m  [1m[35mBEGIN[0m
  [1m[36mNotice Create (0.2ms)[0m  [1m[32mINSERT INTO "notices" ("title", "author", "content", "created_at", "updated_at") VALUES ($1, $2, $3, $4, $5) RETURNING "id"[0m  [["title", "You know, this is — excuse me — a damn fine cup of coffee!"], ["author", "Harlan"], ["content", "Aut quo repellat. Quas numquam autem. Architecto officiis tenetur."], ["created_at", "2020-01-28 11:50:38.087752"], ["updated_at", "2020-01-28 11:50:38.087752"]]
  [1m[35m (0.3ms)[0m  [1m[35mCOMMIT[0m
  [1m[35m (0.1ms)[0m  [1m[35mBEGIN[0m
  [1m[36mNotice Create (0.2ms)[0m  [1m[32mINSERT INTO "notices" ("title", "author", "content", "created_at", "updated_at") VALUES ($1, $2, $3, $4, $5) RETURNING "id"[0m  [["title", "You may think I've gone insane... but I promise. I will kill again."], ["author", "Jacob Carter"], ["content", "Dolorum et libero. Dicta saepe dolores. Molestiae dolores culpa."], ["created_at", "2020-01-28 11:50:38.090289"], ["updated_at", "2020-01-28 11:50:38.090289"]]
  [1m[35m (0.4ms)[0m  [1m[35mCOMMIT[0m
  [1m[35m (0.1ms)[0m  [1m[35mBEGIN[0m
  [1m[36mNotice Create (0.2ms)[0m  [1m[32mINSERT INTO "notices" ("title", "author", "content", "created_at", "updated_at") VALUES ($1, $2, $3, $4, $5) RETURNING "id"[0m  [["title", "Windom Earle's mind is like a diamond. It's cold, and hard, and brilliant."], ["author", "Harlan"], ["content", "Aut sit ipsa. Sint consequatur exercitationem. Iusto repellendus maiores."], ["created_at", "2020-01-28 11:50:38.092828"], ["updated_at", "2020-01-28 11:50:38.092828"]]
  [1m[35m (0.3ms)[0m  [1m[35mCOMMIT[0m
  [1m[35m (0.1ms)[0m  [1m[35mBEGIN[0m
  [1m[36mNotice Create (0.2ms)[0m  [1m[32mINSERT INTO "notices" ("title", "author", "content", "created_at", "updated_at") VALUES ($1, $2, $3, $4, $5) RETURNING "id"[0m  [["title", "I don't wanna talk. I wanna shoot."], ["author", "Teal'c"], ["content", "Placeat fuga illo. Eos saepe occaecati. Ipsa ducimus velit."], ["created_at", "2020-01-28 11:50:38.095270"], ["updated_at", "2020-01-28 11:50:38.095270"]]
  [1m[35m (0.3ms)[0m  [1m[35mCOMMIT[0m
  [1m[35m (0.1ms)[0m  [1m[35mBEGIN[0m
  [1m[36mNotice Create (0.2ms)[0m  [1m[32mINSERT INTO "notices" ("title", "author", "content", "created_at", "updated_at") VALUES ($1, $2, $3, $4, $5) RETURNING "id"[0m  [["title", "Will this sadness that makes me cry my heart out — will it ever end? The answer, of course, is yes. One day the sadness will end."], ["author", "Teal'c"], ["content", "Ut optio est. Temporibus tempore doloribus. Reprehenderit ut ut."], ["created_at", "2020-01-28 11:50:38.097681"], ["updated_at", "2020-01-28 11:50:38.097681"]]
  [1m[35m (0.3ms)[0m  [1m[35mCOMMIT[0m
  [1m[35m (0.1ms)[0m  [1m[35mBEGIN[0m
  [1m[36mNotice Create (0.3ms)[0m  [1m[32mINSERT INTO "notices" ("title", "author", "content", "created_at", "updated_at") VALUES ($1, $2, $3, $4, $5) RETURNING "id"[0m  [["title", "Audrey, there are many cures for a broken heart. But nothing quite like a trout's leap in the moonlight."], ["author", "Cameron Mitchell"], ["content", "Quas voluptate saepe. Porro pariatur et. Id aut blanditiis."], ["created_at", "2020-01-28 11:50:38.100132"], ["updated_at", "2020-01-28 11:50:38.100132"]]
  [1m[35m (0.4ms)[0m  [1m[35mCOMMIT[0m
  [1m[35m (0.1ms)[0m  [1m[35mBEGIN[0m
  [1m[36mNotice Create (0.2ms)[0m  [1m[32mINSERT INTO "notices" ("title", "author", "content", "created_at", "updated_at") VALUES ($1, $2, $3, $4, $5) RETURNING "id"[0m  [["title", "COOPER, YOU REMIND ME TODAY OF A SMALL MEXICAN CHIHUAHUA."], ["author", "Samantha Carter"], ["content", "Cumque consequatur placeat. Est animi maxime. Qui aliquam sunt."], ["created_at", "2020-01-28 11:50:38.102883"], ["updated_at", "2020-01-28 11:50:38.102883"]]
  [1m[35m (0.3ms)[0m  [1m[35mCOMMIT[0m
  [1m[35m (0.1ms)[0m  [1m[35mBEGIN[0m
  [1m[36mNotice Create (0.2ms)[0m  [1m[32mINSERT INTO "notices" ("title", "author", "content", "created_at", "updated_at") VALUES ($1, $2, $3, $4, $5) RETURNING "id"[0m  [["title", "You may think I've gone insane... but I promise. I will kill again."], ["author", "Martouf"], ["content", "Quis non unde. Consequuntur amet non. Explicabo deserunt id."], ["created_at", "2020-01-28 11:50:38.105286"], ["updated_at", "2020-01-28 11:50:38.105286"]]
  [1m[35m (0.3ms)[0m  [1m[35mCOMMIT[0m
  [1m[35m (0.1ms)[0m  [1m[35mBEGIN[0m
  [1m[36mNotice Create (0.2ms)[0m  [1m[32mINSERT INTO "notices" ("title", "author", "content", "created_at", "updated_at") VALUES ($1, $2, $3, $4, $5) RETURNING "id"[0m  [["title", "I don't wanna talk. I wanna shoot."], ["author", "Osiris"], ["content", "Eaque sint reiciendis. Praesentium facilis molestiae. Porro corporis dolorum."], ["created_at", "2020-01-28 11:50:38.107734"], ["updated_at", "2020-01-28 11:50:38.107734"]]
  [1m[35m (0.3ms)[0m  [1m[35mCOMMIT[0m
  [1m[35m (0.1ms)[0m  [1m[35mBEGIN[0m
  [1m[36mNotice Create (0.2ms)[0m  [1m[32mINSERT INTO "notices" ("title", "author", "content", "created_at", "updated_at") VALUES ($1, $2, $3, $4, $5) RETURNING "id"[0m  [["title", "You may think I've gone insane... but I promise. I will kill again."], ["author", "Ra"], ["content", "Quibusdam repellat consectetur. Suscipit doloremque atque. Porro optio sit."], ["created_at", "2020-01-28 11:50:38.110269"], ["updated_at", "2020-01-28 11:50:38.110269"]]
  [1m[35m (0.4ms)[0m  [1m[35mCOMMIT[0m
  [1m[35m (0.1ms)[0m  [1m[35mBEGIN[0m
  [1m[36mNotice Create (0.2ms)[0m  [1m[32mINSERT INTO "notices" ("title", "author", "content", "created_at", "updated_at") VALUES ($1, $2, $3, $4, $5) RETURNING "id"[0m  [["title", "Through the darkness of future's past, the magician longs to see. One chants out between two worlds... \"Fire... walk with me.\""], ["author", "Jonas Quinn"], ["content", "Repudiandae enim alias. Non qui quia. Nulla sed quis."], ["created_at", "2020-01-28 11:50:38.112755"], ["updated_at", "2020-01-28 11:50:38.112755"]]
  [1m[35m (0.4ms)[0m  [1m[35mCOMMIT[0m
  [1m[35m (0.1ms)[0m  [1m[35mBEGIN[0m
  [1m[36mNotice Create (0.2ms)[0m  [1m[32mINSERT INTO "notices" ("title", "author", "content", "created_at", "updated_at") VALUES ($1, $2, $3, $4, $5) RETURNING "id"[0m  [["title", "Through the darkness of future's past, the magician longs to see. One chants out between two worlds... \"Fire... walk with me.\""], ["author", "Daniel Jackson"], ["content", "Repellat quia ut. Totam quas qui. Sunt exercitationem non."], ["created_at", "2020-01-28 11:50:38.115190"], ["updated_at", "2020-01-28 11:50:38.115190"]]
  [1m[35m (0.4ms)[0m  [1m[35mCOMMIT[0m
  [1m[35m (0.1ms)[0m  [1m[35mBEGIN[0m
  [1m[36mNotice Create (0.2ms)[0m  [1m[32mINSERT INTO "notices" ("title", "author", "content", "created_at", "updated_at") VALUES ($1, $2, $3, $4, $5) RETURNING "id"[0m  [["title", "That gum you like is going to come back in style."], ["author", "Janet Frasier"], ["content", "Laudantium enim blanditiis. Laudantium eos est. Nesciunt architecto enim."], ["created_at", "2020-01-28 11:50:38.118376"], ["updated_at", "2020-01-28 11:50:38.118376"]]
  [1m[35m (0.3ms)[0m  [1m[35mCOMMIT[0m
  [1m[35m (0.1ms)[0m  [1m[35mBEGIN[0m
  [1m[36mNotice Create (0.2ms)[0m  [1m[32mINSERT INTO "notices" ("title", "author", "content", "created_at", "updated_at") VALUES ($1, $2, $3, $4, $5) RETURNING "id"[0m  [["title", "Pie. Whoever invented the pie? Here was a great person."], ["author", "Osiris"], ["content", "Voluptatum eveniet molestiae. Dolores autem dolorem. Omnis voluptatum fugiat."], ["created_at", "2020-01-28 11:50:38.120976"], ["updated_at", "2020-01-28 11:50:38.120976"]]
  [1m[35m (0.3ms)[0m  [1m[35mCOMMIT[0m
  [1m[35m (0.1ms)[0m  [1m[35mBEGIN[0m
  [1m[36mNotice Create (0.2ms)[0m  [1m[32mINSERT INTO "notices" ("title", "author", "content", "created_at", "updated_at") VALUES ($1, $2, $3, $4, $5) RETURNING "id"[0m  [["title", "You may think I've gone insane... but I promise. I will kill again."], ["author", "Teal'c"], ["content", "Quidem veniam aspernatur. Inventore sit ipsa. Quas consequatur id."], ["created_at", "2020-01-28 11:50:38.123399"], ["updated_at", "2020-01-28 11:50:38.123399"]]
  [1m[35m (0.3ms)[0m  [1m[35mCOMMIT[0m
  [1m[35m (0.1ms)[0m  [1m[35mBEGIN[0m
  [1m[36mNotice Create (0.3ms)[0m  [1m[32mINSERT INTO "notices" ("title", "author", "content", "created_at", "updated_at") VALUES ($1, $2, $3, $4, $5) RETURNING "id"[0m  [["title", "Cooper, you may be fearless in this world, but there are other worlds."], ["author", "Martouf"], ["content", "Eveniet sit autem. Molestiae impedit libero. Ab repudiandae nam."], ["created_at", "2020-01-28 11:50:38.126284"], ["updated_at", "2020-01-28 11:50:38.126284"]]
  [1m[35m (0.3ms)[0m  [1m[35mCOMMIT[0m
  [1m[35m (0.1ms)[0m  [1m[35mBEGIN[0m
  [1m[36mNotice Create (0.2ms)[0m  [1m[32mINSERT INTO "notices" ("title", "author", "content", "created_at", "updated_at") VALUES ($1, $2, $3, $4, $5) RETURNING "id"[0m  [["title", "Damn fine coffee! And hot!"], ["author", "Martouf"], ["content", "Est sed consequatur. Ducimus molestiae est. Itaque pariatur eligendi."], ["created_at", "2020-01-28 11:50:38.129068"], ["updated_at", "2020-01-28 11:50:38.129068"]]
  [1m[35m (0.3ms)[0m  [1m[35mCOMMIT[0m
  [1m[35m (0.1ms)[0m  [1m[35mBEGIN[0m
  [1m[36mNotice Create (0.2ms)[0m  [1m[32mINSERT INTO "notices" ("title", "author", "content", "created_at", "updated_at") VALUES ($1, $2, $3, $4, $5) RETURNING "id"[0m  [["title", "Damn fine coffee! And hot!"], ["author", "Thor"], ["content", "Inventore explicabo aspernatur. Aut quia sit. Enim quos ipsam."], ["created_at", "2020-01-28 11:50:38.131688"], ["updated_at", "2020-01-28 11:50:38.131688"]]
  [1m[35m (0.3ms)[0m  [1m[35mCOMMIT[0m
  [1m[35m (0.1ms)[0m  [1m[35mBEGIN[0m
  [1m[36mNotice Create (0.2ms)[0m  [1m[32mINSERT INTO "notices" ("title", "author", "content", "created_at", "updated_at") VALUES ($1, $2, $3, $4, $5) RETURNING "id"[0m  [["title", "Harry, is that bag smiling?"], ["author", "Kawalsky"], ["content", "Nam cumque adipisci. Quo quia voluptatem. Modi eveniet nostrum."], ["created_at", "2020-01-28 11:50:38.134275"], ["updated_at", "2020-01-28 11:50:38.134275"]]
  [1m[35m (0.3ms)[0m  [1m[35mCOMMIT[0m
  [1m[35m (0.1ms)[0m  [1m[35mBEGIN[0m
  [1m[36mNotice Create (0.2ms)[0m  [1m[32mINSERT INTO "notices" ("title", "author", "content", "created_at", "updated_at") VALUES ($1, $2, $3, $4, $5) RETURNING "id"[0m  [["title", "You may think I've gone insane... but I promise. I will kill again."], ["author", "Janet Frasier"], ["content", "Iusto consequuntur magnam. Qui aliquid facere. Nesciunt distinctio porro."], ["created_at", "2020-01-28 11:50:38.136867"], ["updated_at", "2020-01-28 11:50:38.136867"]]
  [1m[35m (0.4ms)[0m  [1m[35mCOMMIT[0m
Started GET "/notices" for ::1 at 2020-01-28 19:52:06 +0800
Processing by NoticesController#index as HTML
  [1m[36mNotice Load (1.1ms)[0m  [1m[34mSELECT "notices".* FROM "notices"[0m
  ↳ app/controllers/notices_controller.rb:8:in `index'
Completed 200 OK in 34ms (Views: 29.7ms | ActiveRecord: 4.0ms | Allocations: 17924)


Started GET "/notices" for ::1 at 2020-01-28 19:52:44 +0800
Processing by NoticesController#index as HTML
  [1m[36mNotice Load (0.6ms)[0m  [1m[34mSELECT "notices".* FROM "notices"[0m
  ↳ app/controllers/notices_controller.rb:8:in `index'
Completed 200 OK in 14ms (Views: 13.5ms | ActiveRecord: 0.6ms | Allocations: 14290)


Started GET "/favicon.ico" for ::1 at 2020-01-28 19:52:44 +0800
  
ActionController::RoutingError (No route matches [GET] "/favicon.ico"):
  
actionpack (6.0.2.1) lib/action_dispatch/middleware/debug_exceptions.rb:36:in `call'
actionpack (6.0.2.1) lib/action_dispatch/middleware/show_exceptions.rb:33:in `call'
railties (6.0.2.1) lib/rails/rack/logger.rb:38:in `call_app'
railties (6.0.2.1) lib/rails/rack/logger.rb:26:in `block in call'
activesupport (6.0.2.1) lib/active_support/tagged_logging.rb:80:in `block in tagged'
activesupport (6.0.2.1) lib/active_support/tagged_logging.rb:28:in `tagged'
activesupport (6.0.2.1) lib/active_support/tagged_logging.rb:80:in `tagged'
railties (6.0.2.1) lib/rails/rack/logger.rb:26:in `call'
actionpack (6.0.2.1) lib/action_dispatch/middleware/remote_ip.rb:81:in `call'
actionpack (6.0.2.1) lib/action_dispatch/middleware/request_id.rb:27:in `call'
rack (2.0.8) lib/rack/runtime.rb:22:in `call'
activesupport (6.0.2.1) lib/active_support/cache/strategy/local_cache_middleware.rb:29:in `call'
actionpack (6.0.2.1) lib/action_dispatch/middleware/executor.rb:14:in `call'
actionpack (6.0.2.1) lib/action_dispatch/middleware/static.rb:126:in `call'
rack (2.0.8) lib/rack/sendfile.rb:111:in `call'
actionpack (6.0.2.1) lib/action_dispatch/middleware/host_authorization.rb:83:in `call'
railties (6.0.2.1) lib/rails/engine.rb:526:in `call'
puma (4.3.1) lib/puma/configuration.rb:228:in `call'
puma (4.3.1) lib/puma/server.rb:681:in `handle_request'
puma (4.3.1) lib/puma/server.rb:472:in `process_client'
puma (4.3.1) lib/puma/server.rb:328:in `block in run'
puma (4.3.1) lib/puma/thread_pool.rb:134:in `block in spawn_thread'
Started GET "/notices" for ::1 at 2020-01-28 20:38:02 +0800
Processing by NoticesController#index as */*
  [1m[36mNotice Load (0.9ms)[0m  [1m[34mSELECT "notices".* FROM "notices"[0m
  ↳ app/controllers/notices_controller.rb:8:in `index'
Completed 200 OK in 23ms (Views: 21.8ms | ActiveRecord: 0.9ms | Allocations: 14365)


Started GET "/notices" for ::1 at 2020-01-28 20:38:20 +0800
Processing by NoticesController#index as HTML
  [1m[36mNotice Load (0.5ms)[0m  [1m[34mSELECT "notices".* FROM "notices"[0m
  ↳ app/controllers/notices_controller.rb:8:in `index'
Completed 200 OK in 14ms (Views: 12.8ms | ActiveRecord: 0.5ms | Allocations: 14271)


Started GET "/notices" for ::1 at 2020-01-28 20:38:39 +0800
Processing by NoticesController#index as HTML
  [1m[36mNotice Load (0.5ms)[0m  [1m[34mSELECT "notices".* FROM "notices"[0m
  ↳ app/controllers/notices_controller.rb:8:in `index'
Completed 200 OK in 13ms (Views: 12.2ms | ActiveRecord: 0.5ms | Allocations: 14271)


Started GET "/" for ::1 at 2020-01-28 20:39:33 +0800
Processing by Rails::WelcomeController#index as HTML
  Rendering /Library/Ruby/Gems/2.6.0/gems/railties-6.0.2.1/lib/rails/templates/rails/welcome/index.html.erb
  Rendered /Library/Ruby/Gems/2.6.0/gems/railties-6.0.2.1/lib/rails/templates/rails/welcome/index.html.erb (Duration: 6.7ms | Allocations: 200)
Completed 200 OK in 8ms (Views: 7.4ms | ActiveRecord: 0.0ms | Allocations: 836)


Started GET "/notices" for ::1 at 2020-01-28 20:39:37 +0800
Processing by NoticesController#index as HTML
  [1m[36mNotice Load (3.1ms)[0m  [1m[34mSELECT "notices".* FROM "notices"[0m
  ↳ app/controllers/notices_controller.rb:8:in `index'
Completed 200 OK in 30ms (Views: 26.7ms | ActiveRecord: 3.1ms | Allocations: 14424)


Started GET "/notices" for ::1 at 2020-01-28 20:40:16 +0800
  [1m[35m (2.1ms)[0m  [1m[34mSELECT "schema_migrations"."version" FROM "schema_migrations" ORDER BY "schema_migrations"."version" ASC[0m
Processing by NoticesController#index as HTML
  [1m[36mNotice Load (0.6ms)[0m  [1m[34mSELECT "notices".* FROM "notices"[0m
  ↳ app/controllers/notices_controller.rb:8:in `index'
Completed 200 OK in 43ms (Views: 36.2ms | ActiveRecord: 5.1ms | Allocations: 18707)


Started GET "/notices" for ::1 at 2020-01-28 20:40:48 +0800
Processing by NoticesController#index as HTML
  [1m[36mNotice Load (0.4ms)[0m  [1m[34mSELECT "notices".* FROM "notices"[0m
  ↳ app/controllers/notices_controller.rb:8:in `index'
Completed 200 OK in 15ms (Views: 14.3ms | ActiveRecord: 0.4ms | Allocations: 14290)


Started GET "/notices" for ::1 at 2020-01-28 20:41:16 +0800
Processing by NoticesController#index as */*
  [1m[36mNotice Load (0.4ms)[0m  [1m[34mSELECT "notices".* FROM "notices"[0m
  ↳ app/controllers/notices_controller.rb:8:in `index'
Completed 200 OK in 18ms (Views: 16.9ms | ActiveRecord: 0.4ms | Allocations: 14274)


Started GET "/notices" for ::1 at 2020-01-28 20:41:19 +0800
Processing by NoticesController#index as */*
  [1m[36mNotice Load (0.8ms)[0m  [1m[34mSELECT "notices".* FROM "notices"[0m
  ↳ app/controllers/notices_controller.rb:8:in `index'
Completed 200 OK in 21ms (Views: 19.6ms | ActiveRecord: 0.8ms | Allocations: 14291)


Started GET "/notices" for ::1 at 2020-01-28 20:43:04 +0800
Processing by NoticesController#index as */*
  [1m[36mNotice Load (0.5ms)[0m  [1m[34mSELECT "notices".* FROM "notices"[0m
  ↳ app/controllers/notices_controller.rb:8:in `index'
Completed 200 OK in 31ms (Views: 30.2ms | ActiveRecord: 0.5ms | Allocations: 14294)


Started GET "/notices" for ::1 at 2020-01-28 20:43:07 +0800
Processing by NoticesController#index as */*
  [1m[36mNotice Load (3.9ms)[0m  [1m[34mSELECT "notices".* FROM "notices"[0m
  ↳ app/controllers/notices_controller.rb:8:in `index'
Completed 200 OK in 24ms (Views: 19.9ms | ActiveRecord: 3.9ms | Allocations: 14273)


Started GET "/notices" for ::1 at 2020-01-28 20:45:13 +0800
Processing by NoticesController#index as */*
  [1m[36mNotice Load (0.6ms)[0m  [1m[34mSELECT "notices".* FROM "notices"[0m
  ↳ app/controllers/notices_controller.rb:8:in `index'
Completed 200 OK in 13ms (Views: 12.4ms | ActiveRecord: 0.6ms | Allocations: 14291)


Started GET "/notices" for ::1 at 2020-01-28 20:56:43 +0800
  [1m[35m (0.5ms)[0m  [1m[34mSELECT "schema_migrations"."version" FROM "schema_migrations" ORDER BY "schema_migrations"."version" ASC[0m
Processing by NoticesController#index as */*
  [1m[36mNotice Load (0.5ms)[0m  [1m[34mSELECT "notices".* FROM "notices"[0m
  ↳ app/controllers/notices_controller.rb:8:in `index'
Completed 200 OK in 19ms (Views: 13.7ms | ActiveRecord: 3.3ms | Allocations: 18707)


Started GET "/notices" for ::1 at 2020-01-29 13:35:36 +0800
  [1m[35m (2.2ms)[0m  [1m[34mSELECT "schema_migrations"."version" FROM "schema_migrations" ORDER BY "schema_migrations"."version" ASC[0m
Processing by NoticesController#index as */*
  [1m[36mNotice Load (6.4ms)[0m  [1m[34mSELECT "notices".* FROM "notices"[0m
  ↳ app/controllers/notices_controller.rb:8:in `index'
Completed 200 OK in 46ms (Views: 32.3ms | ActiveRecord: 12.5ms | Allocations: 18709)


Started GET "/notices" for ::1 at 2020-01-29 13:38:49 +0800
Processing by NoticesController#index as */*
  [1m[36mNotice Load (19.8ms)[0m  [1m[34mSELECT "notices".* FROM "notices"[0m
  ↳ app/controllers/notices_controller.rb:8:in `index'
Completed 200 OK in 34ms (Views: 13.9ms | ActiveRecord: 19.8ms | Allocations: 14292)


Started GET "/notices" for ::1 at 2020-01-29 13:39:17 +0800
Processing by NoticesController#index as */*
  [1m[36mNotice Load (0.4ms)[0m  [1m[34mSELECT "notices".* FROM "notices"[0m
  ↳ app/controllers/notices_controller.rb:8:in `index'
Completed 200 OK in 23ms (Views: 22.1ms | ActiveRecord: 0.4ms | Allocations: 14292)


Started GET "/notices" for ::1 at 2020-01-29 13:39:40 +0800
Processing by NoticesController#index as */*
  [1m[36mNotice Load (0.4ms)[0m  [1m[34mSELECT "notices".* FROM "notices"[0m
  ↳ app/controllers/notices_controller.rb:8:in `index'
Completed 200 OK in 21ms (Views: 20.4ms | ActiveRecord: 0.4ms | Allocations: 14292)


Started GET "/notices" for ::1 at 2020-01-29 13:39:50 +0800
Processing by NoticesController#index as */*
  [1m[36mNotice Load (1.3ms)[0m  [1m[34mSELECT "notices".* FROM "notices"[0m
  ↳ app/controllers/notices_controller.rb:8:in `index'
Completed 200 OK in 26ms (Views: 23.9ms | ActiveRecord: 1.3ms | Allocations: 14277)


Started GET "/notices" for ::1 at 2020-01-29 13:47:32 +0800
  [1m[35m (0.5ms)[0m  [1m[34mSELECT "schema_migrations"."version" FROM "schema_migrations" ORDER BY "schema_migrations"."version" ASC[0m
Processing by NoticesController#index as */*
  [1m[36mNotice Load (0.5ms)[0m  [1m[34mSELECT "notices".* FROM "notices"[0m
  ↳ app/controllers/notices_controller.rb:8:in `index'
Completed 200 OK in 37ms (Views: 31.0ms | ActiveRecord: 3.4ms | Allocations: 18709)


Started GET "/notices" for ::1 at 2020-01-29 19:31:52 +0800
  [1m[35m (2.0ms)[0m  [1m[34mSELECT "schema_migrations"."version" FROM "schema_migrations" ORDER BY "schema_migrations"."version" ASC[0m
Processing by NoticesController#index as */*
  [1m[36mNotice Load (6.8ms)[0m  [1m[34mSELECT "notices".* FROM "notices"[0m
  ↳ app/controllers/notices_controller.rb:8:in `index'
Completed 200 OK in 45ms (Views: 30.4ms | ActiveRecord: 13.0ms | Allocations: 18709)


Started GET "/notices" for ::1 at 2020-01-29 19:33:32 +0800
Processing by NoticesController#index as */*
  [1m[36mNotice Load (0.4ms)[0m  [1m[34mSELECT "notices".* FROM "notices"[0m
  ↳ app/controllers/notices_controller.rb:8:in `index'
Completed 200 OK in 15ms (Views: 14.5ms | ActiveRecord: 0.4ms | Allocations: 14292)


Started GET "/notices" for ::1 at 2020-01-29 19:39:25 +0800
Processing by NoticesController#index as */*
  [1m[36mNotice Load (0.9ms)[0m  [1m[34mSELECT "notices".* FROM "notices"[0m
  ↳ app/controllers/notices_controller.rb:8:in `index'
Completed 200 OK in 11ms (Views: 9.7ms | ActiveRecord: 0.9ms | Allocations: 14344)


Started GET "/notices" for ::1 at 2020-01-29 19:39:30 +0800
Processing by NoticesController#index as */*
  [1m[36mNotice Load (0.5ms)[0m  [1m[34mSELECT "notices".* FROM "notices"[0m
  ↳ app/controllers/notices_controller.rb:8:in `index'
Completed 200 OK in 13ms (Views: 12.4ms | ActiveRecord: 0.5ms | Allocations: 14292)


Started GET "/notices" for ::1 at 2020-01-29 19:39:36 +0800
Processing by NoticesController#index as */*
  [1m[36mNotice Load (0.5ms)[0m  [1m[34mSELECT "notices".* FROM "notices"[0m
  ↳ app/controllers/notices_controller.rb:8:in `index'
Completed 200 OK in 27ms (Views: 26.1ms | ActiveRecord: 0.5ms | Allocations: 14295)


Started GET "/notices" for ::1 at 2020-01-29 19:39:50 +0800
Processing by NoticesController#index as */*
  [1m[36mNotice Load (0.6ms)[0m  [1m[34mSELECT "notices".* FROM "notices"[0m
  ↳ app/controllers/notices_controller.rb:8:in `index'
Completed 200 OK in 16ms (Views: 15.2ms | ActiveRecord: 0.6ms | Allocations: 14274)


Started GET "/notices" for ::1 at 2020-01-29 19:39:52 +0800
Processing by NoticesController#index as */*
  [1m[36mNotice Load (3.2ms)[0m  [1m[34mSELECT "notices".* FROM "notices"[0m
  ↳ app/controllers/notices_controller.rb:8:in `index'
Completed 200 OK in 19ms (Views: 15.6ms | ActiveRecord: 3.2ms | Allocations: 14274)


Started GET "/notices" for ::1 at 2020-01-29 19:39:58 +0800
Processing by NoticesController#index as */*
  [1m[36mNotice Load (1.8ms)[0m  [1m[34mSELECT "notices".* FROM "notices"[0m
  ↳ app/controllers/notices_controller.rb:8:in `index'
Completed 200 OK in 28ms (Views: 25.5ms | ActiveRecord: 1.8ms | Allocations: 14277)


Started GET "/notices" for ::1 at 2020-01-29 19:40:01 +0800
Processing by NoticesController#index as */*
  [1m[36mNotice Load (3.3ms)[0m  [1m[34mSELECT "notices".* FROM "notices"[0m
  ↳ app/controllers/notices_controller.rb:8:in `index'
Completed 200 OK in 20ms (Views: 16.4ms | ActiveRecord: 3.3ms | Allocations: 14274)


Started GET "/notices" for ::1 at 2020-01-29 19:41:32 +0800
Processing by NoticesController#index as */*
  [1m[36mNotice Load (0.5ms)[0m  [1m[34mSELECT "notices".* FROM "notices"[0m
  ↳ app/controllers/notices_controller.rb:8:in `index'
Completed 200 OK in 27ms (Views: 26.2ms | ActiveRecord: 0.5ms | Allocations: 14274)


Started GET "/notices" for ::1 at 2020-01-29 19:41:58 +0800
Processing by NoticesController#index as */*
  [1m[36mNotice Load (0.9ms)[0m  [1m[34mSELECT "notices".* FROM "notices"[0m
  ↳ app/controllers/notices_controller.rb:8:in `index'
Completed 200 OK in 40ms (Views: 38.6ms | ActiveRecord: 0.9ms | Allocations: 14277)


Started GET "/notices" for ::1 at 2020-01-29 19:43:10 +0800
Processing by NoticesController#index as */*
  [1m[36mNotice Load (0.8ms)[0m  [1m[34mSELECT "notices".* FROM "notices"[0m
  ↳ app/controllers/notices_controller.rb:8:in `index'
Completed 200 OK in 16ms (Views: 14.6ms | ActiveRecord: 0.8ms | Allocations: 14274)


Started GET "/notices" for ::1 at 2020-01-29 19:45:50 +0800
Processing by NoticesController#index as */*
  [1m[36mNotice Load (0.8ms)[0m  [1m[34mSELECT "notices".* FROM "notices"[0m
  ↳ app/controllers/notices_controller.rb:8:in `index'
Completed 200 OK in 20ms (Views: 19.2ms | ActiveRecord: 0.8ms | Allocations: 14274)


Started GET "/notices" for ::1 at 2020-01-29 19:52:16 +0800
Processing by NoticesController#index as */*
  [1m[36mNotice Load (1.1ms)[0m  [1m[34mSELECT "notices".* FROM "notices"[0m
  ↳ app/controllers/notices_controller.rb:8:in `index'
Completed 200 OK in 18ms (Views: 16.8ms | ActiveRecord: 1.1ms | Allocations: 14335)


Started GET "/notices" for ::1 at 2020-01-29 19:52:16 +0800
Processing by NoticesController#index as */*
  [1m[36mNotice Load (2.8ms)[0m  [1m[34mSELECT "notices".* FROM "notices"[0m
  ↳ app/controllers/notices_controller.rb:8:in `index'
Completed 200 OK in 14ms (Views: 11.0ms | ActiveRecord: 2.8ms | Allocations: 14274)


Started GET "/notices" for ::1 at 2020-01-29 19:55:58 +0800
Processing by NoticesController#index as */*
  [1m[36mNotice Load (0.7ms)[0m  [1m[34mSELECT "notices".* FROM "notices"[0m
  ↳ app/controllers/notices_controller.rb:8:in `index'
Completed 200 OK in 15ms (Views: 13.8ms | ActiveRecord: 0.7ms | Allocations: 14274)


Started GET "/notices" for ::1 at 2020-01-29 20:05:20 +0800
Processing by NoticesController#index as */*
  [1m[36mNotice Load (2.3ms)[0m  [1m[34mSELECT "notices".* FROM "notices"[0m
  ↳ app/controllers/notices_controller.rb:8:in `index'
Completed 200 OK in 23ms (Views: 19.9ms | ActiveRecord: 2.3ms | Allocations: 14332)


Started GET "/notices" for ::1 at 2020-01-29 20:05:40 +0800
Processing by NoticesController#index as */*
  [1m[36mNotice Load (0.3ms)[0m  [1m[34mSELECT "notices".* FROM "notices"[0m
  ↳ app/controllers/notices_controller.rb:8:in `index'
Completed 200 OK in 14ms (Views: 13.9ms | ActiveRecord: 0.3ms | Allocations: 14274)


Started POST "/notices" for ::1 at 2020-01-29 20:05:51 +0800
Processing by NoticesController#create as HTML
  Parameters: {"author"=>"a", "content"=>"x", "title"=>"a", "notice"=>{"title"=>"a", "author"=>"a", "content"=>"x"}}
  [1m[35m (0.3ms)[0m  [1m[35mBEGIN[0m
  ↳ app/controllers/notices_controller.rb:20:in `create'
  [1m[36mNotice Create (9.4ms)[0m  [1m[32mINSERT INTO "notices" ("title", "author", "content", "created_at", "updated_at") VALUES ($1, $2, $3, $4, $5) RETURNING "id"[0m  [["title", "a"], ["author", "a"], ["content", "x"], ["created_at", "2020-01-29 12:05:51.260308"], ["updated_at", "2020-01-29 12:05:51.260308"]]
  ↳ app/controllers/notices_controller.rb:20:in `create'
  [1m[35m (0.7ms)[0m  [1m[35mCOMMIT[0m
  ↳ app/controllers/notices_controller.rb:20:in `create'
Completed 201 Created in 16ms (Views: 0.7ms | ActiveRecord: 10.4ms | Allocations: 2621)


Started GET "/notices" for ::1 at 2020-01-29 20:07:43 +0800
Processing by NoticesController#index as */*
  [1m[36mNotice Load (0.7ms)[0m  [1m[34mSELECT "notices".* FROM "notices"[0m
  ↳ app/controllers/notices_controller.rb:6:in `index'
Completed 200 OK in 24ms (Views: 8.5ms | ActiveRecord: 6.1ms | Allocations: 18303)


Started POST "/notices" for ::1 at 2020-01-29 20:08:16 +0800
Processing by NoticesController#create as HTML
  Parameters: {"author"=>"k", "content"=>"k", "title"=>"k", "notice"=>{"title"=>"k", "author"=>"k", "content"=>"k"}}
  [1m[35m (0.2ms)[0m  [1m[35mBEGIN[0m
  ↳ app/controllers/notices_controller.rb:20:in `create'
  [1m[36mNotice Create (0.3ms)[0m  [1m[32mINSERT INTO "notices" ("title", "author", "content", "created_at", "updated_at") VALUES ($1, $2, $3, $4, $5) RETURNING "id"[0m  [["title", "k"], ["author", "k"], ["content", "k"], ["created_at", "2020-01-29 12:08:16.735951"], ["updated_at", "2020-01-29 12:08:16.735951"]]
  ↳ app/controllers/notices_controller.rb:20:in `create'
  [1m[35m (0.3ms)[0m  [1m[35mCOMMIT[0m
  ↳ app/controllers/notices_controller.rb:20:in `create'
Completed 201 Created in 9ms (Views: 0.6ms | ActiveRecord: 3.3ms | Allocations: 5704)


Started GET "/notices" for ::1 at 2020-01-29 20:10:46 +0800
Processing by NoticesController#index as */*
  [1m[36mNotice Load (0.4ms)[0m  [1m[34mSELECT "notices".* FROM "notices"[0m
  ↳ app/controllers/notices_controller.rb:8:in `index'
Completed 200 OK in 33ms (Views: 27.3ms | ActiveRecord: 4.0ms | Allocations: 18523)


Started GET "/notices" for ::1 at 2020-01-29 20:11:13 +0800
Processing by NoticesController#index as */*
  [1m[36mNotice Load (0.5ms)[0m  [1m[34mSELECT "notices".* FROM "notices"[0m
  ↳ app/controllers/notices_controller.rb:8:in `index'
Completed 200 OK in 15ms (Views: 14.6ms | ActiveRecord: 0.5ms | Allocations: 14536)


Started GET "/notices" for ::1 at 2020-01-29 20:11:18 +0800
Processing by NoticesController#index as */*
  [1m[36mNotice Load (0.5ms)[0m  [1m[34mSELECT "notices".* FROM "notices"[0m
  ↳ app/controllers/notices_controller.rb:8:in `index'
Completed 200 OK in 19ms (Views: 17.8ms | ActiveRecord: 0.5ms | Allocations: 14536)


Started GET "/notices" for ::1 at 2020-01-29 20:12:26 +0800
Processing by NoticesController#index as */*
  [1m[36mNotice Load (0.4ms)[0m  [1m[34mSELECT "notices".* FROM "notices"[0m
  ↳ app/controllers/notices_controller.rb:6:in `index'
Completed 200 OK in 21ms (Views: 7.7ms | ActiveRecord: 3.5ms | Allocations: 18323)


Started GET "/notices" for ::1 at 2020-01-29 20:16:23 +0800
  [1m[35m (0.4ms)[0m  [1m[34mSELECT "schema_migrations"."version" FROM "schema_migrations" ORDER BY "schema_migrations"."version" ASC[0m
Processing by NoticesController#index as */*
  [1m[36mNotice Load (1.0ms)[0m  [1m[34mSELECT "notices".* FROM "notices"[0m
  ↳ app/controllers/notices_controller.rb:6:in `index'
Completed 200 OK in 38ms (Views: 24.3ms | ActiveRecord: 5.1ms | Allocations: 18805)


Started POST "/notices" for ::1 at 2020-01-29 20:16:33 +0800
Processing by NoticesController#create as HTML
  Parameters: {"author"=>"b", "content"=>"b", "title"=>"b", "notice"=>{"title"=>"b", "author"=>"b", "content"=>"b"}}
  [1m[35m (0.2ms)[0m  [1m[35mBEGIN[0m
  ↳ app/controllers/notices_controller.rb:20:in `create'
  [1m[36mNotice Create (0.6ms)[0m  [1m[32mINSERT INTO "notices" ("title", "author", "content", "created_at", "updated_at") VALUES ($1, $2, $3, $4, $5) RETURNING "id"[0m  [["title", "b"], ["author", "b"], ["content", "b"], ["created_at", "2020-01-29 12:16:33.224357"], ["updated_at", "2020-01-29 12:16:33.224357"]]
  ↳ app/controllers/notices_controller.rb:20:in `create'
  [1m[35m (0.8ms)[0m  [1m[35mCOMMIT[0m
  ↳ app/controllers/notices_controller.rb:20:in `create'
Completed 201 Created in 7ms (Views: 1.0ms | ActiveRecord: 1.6ms | Allocations: 2638)


Started GET "/notices" for ::1 at 2020-01-29 20:17:27 +0800
  [1m[35m (0.4ms)[0m  [1m[34mSELECT "schema_migrations"."version" FROM "schema_migrations" ORDER BY "schema_migrations"."version" ASC[0m
Processing by NoticesController#index as */*
  [1m[36mNotice Load (0.6ms)[0m  [1m[34mSELECT "notices".* FROM "notices"[0m
  ↳ app/controllers/notices_controller.rb:6:in `index'
Completed 200 OK in 35ms (Views: 23.4ms | ActiveRecord: 3.2ms | Allocations: 18936)


Started POST "/notices" for ::1 at 2020-01-29 20:17:32 +0800
Processing by NoticesController#create as HTML
  Parameters: {"author"=>"c", "content"=>"c", "title"=>"c", "notice"=>{"title"=>"c", "author"=>"c", "content"=>"c"}}
  [1m[35m (0.1ms)[0m  [1m[35mBEGIN[0m
  ↳ app/controllers/notices_controller.rb:20:in `create'
  [1m[36mNotice Create (0.5ms)[0m  [1m[32mINSERT INTO "notices" ("title", "author", "content", "created_at", "updated_at") VALUES ($1, $2, $3, $4, $5) RETURNING "id"[0m  [["title", "c"], ["author", "c"], ["content", "c"], ["created_at", "2020-01-29 12:17:32.136423"], ["updated_at", "2020-01-29 12:17:32.136423"]]
  ↳ app/controllers/notices_controller.rb:20:in `create'
  [1m[35m (0.3ms)[0m  [1m[35mCOMMIT[0m
  ↳ app/controllers/notices_controller.rb:20:in `create'
Completed 201 Created in 5ms (Views: 0.7ms | ActiveRecord: 1.0ms | Allocations: 2638)


Started GET "/notices" for ::1 at 2020-01-29 20:19:18 +0800
Processing by NoticesController#index as */*
  [1m[36mNotice Load (0.6ms)[0m  [1m[34mSELECT "notices".* FROM "notices"[0m
  ↳ app/controllers/notices_controller.rb:6:in `index'
Completed 200 OK in 19ms (Views: 13.9ms | ActiveRecord: 0.6ms | Allocations: 14650)


Started POST "/notices" for ::1 at 2020-01-29 20:19:22 +0800
Processing by NoticesController#create as HTML
  Parameters: {"author"=>"d", "content"=>"d", "title"=>"d", "notice"=>{"title"=>"d", "author"=>"d", "content"=>"d"}}
  [1m[35m (0.1ms)[0m  [1m[35mBEGIN[0m
  ↳ app/controllers/notices_controller.rb:20:in `create'
  [1m[36mNotice Create (0.3ms)[0m  [1m[32mINSERT INTO "notices" ("title", "author", "content", "created_at", "updated_at") VALUES ($1, $2, $3, $4, $5) RETURNING "id"[0m  [["title", "d"], ["author", "d"], ["content", "d"], ["created_at", "2020-01-29 12:19:22.467482"], ["updated_at", "2020-01-29 12:19:22.467482"]]
  ↳ app/controllers/notices_controller.rb:20:in `create'
  [1m[35m (0.4ms)[0m  [1m[35mCOMMIT[0m
  ↳ app/controllers/notices_controller.rb:20:in `create'
Completed 201 Created in 4ms (Views: 0.4ms | ActiveRecord: 0.8ms | Allocations: 2375)


Started GET "/notices" for ::1 at 2020-01-29 20:21:14 +0800
  [1m[35m (0.4ms)[0m  [1m[34mSELECT "schema_migrations"."version" FROM "schema_migrations" ORDER BY "schema_migrations"."version" ASC[0m
Processing by NoticesController#index as */*
  [1m[36mNotice Load (0.7ms)[0m  [1m[34mSELECT "notices".* FROM "notices"[0m
  ↳ app/controllers/notices_controller.rb:6:in `index'
Completed 200 OK in 37ms (Views: 25.4ms | ActiveRecord: 3.4ms | Allocations: 19198)


Started POST "/notices" for ::1 at 2020-01-29 20:21:20 +0800
Processing by NoticesController#create as HTML
  Parameters: {"author"=>"e", "content"=>"e", "title"=>"e", "notice"=>{"title"=>"e", "author"=>"e", "content"=>"e"}}
  [1m[35m (0.2ms)[0m  [1m[35mBEGIN[0m
  ↳ app/controllers/notices_controller.rb:20:in `create'
  [1m[36mNotice Create (0.5ms)[0m  [1m[32mINSERT INTO "notices" ("title", "author", "content", "created_at", "updated_at") VALUES ($1, $2, $3, $4, $5) RETURNING "id"[0m  [["title", "e"], ["author", "e"], ["content", "e"], ["created_at", "2020-01-29 12:21:20.447184"], ["updated_at", "2020-01-29 12:21:20.447184"]]
  ↳ app/controllers/notices_controller.rb:20:in `create'
  [1m[35m (0.4ms)[0m  [1m[35mCOMMIT[0m
  ↳ app/controllers/notices_controller.rb:20:in `create'
Completed 201 Created in 6ms (Views: 0.8ms | ActiveRecord: 1.1ms | Allocations: 2638)


Started POST "/notices" for ::1 at 2020-01-29 20:23:42 +0800
Processing by NoticesController#create as HTML
  Parameters: {"author"=>"f", "content"=>"f", "title"=>"f", "notice"=>{"title"=>"f", "author"=>"f", "content"=>"f"}}
  [1m[35m (0.1ms)[0m  [1m[35mBEGIN[0m
  ↳ app/controllers/notices_controller.rb:20:in `create'
  [1m[36mNotice Create (0.3ms)[0m  [1m[32mINSERT INTO "notices" ("title", "author", "content", "created_at", "updated_at") VALUES ($1, $2, $3, $4, $5) RETURNING "id"[0m  [["title", "f"], ["author", "f"], ["content", "f"], ["created_at", "2020-01-29 12:23:42.518815"], ["updated_at", "2020-01-29 12:23:42.518815"]]
  ↳ app/controllers/notices_controller.rb:20:in `create'
  [1m[35m (0.3ms)[0m  [1m[35mCOMMIT[0m
  ↳ app/controllers/notices_controller.rb:20:in `create'
Completed 201 Created in 4ms (Views: 0.4ms | ActiveRecord: 0.7ms | Allocations: 2375)


Started GET "/notices" for ::1 at 2020-01-29 20:25:10 +0800
Processing by NoticesController#index as */*
  [1m[36mNotice Load (0.7ms)[0m  [1m[34mSELECT "notices".* FROM "notices"[0m
  ↳ app/controllers/notices_controller.rb:6:in `index'
Completed 200 OK in 14ms (Views: 9.9ms | ActiveRecord: 0.7ms | Allocations: 15043)


Started GET "/notices" for ::1 at 2020-01-29 20:39:55 +0800
  [1m[35m (2.3ms)[0m  [1m[34mSELECT "schema_migrations"."version" FROM "schema_migrations" ORDER BY "schema_migrations"."version" ASC[0m
Processing by NoticesController#index as */*
  [1m[36mNotice Load (0.6ms)[0m  [1m[34mSELECT "notices".* FROM "notices"[0m
  ↳ app/controllers/notices_controller.rb:6:in `index'
Completed 200 OK in 41ms (Views: 25.7ms | ActiveRecord: 3.7ms | Allocations: 19550)


Started GET "/notices" for ::1 at 2020-01-29 20:40:44 +0800
Processing by NoticesController#index as */*
  [1m[36mNotice Load (0.4ms)[0m  [1m[34mSELECT "notices".* FROM "notices"[0m
  ↳ app/controllers/notices_controller.rb:6:in `index'
Completed 200 OK in 11ms (Views: 8.3ms | ActiveRecord: 0.4ms | Allocations: 15043)


Started GET "/" for ::1 at 2020-01-29 20:40:49 +0800
Processing by WelcomeController#index as HTML
Completed 200 OK in 0ms (Views: 0.1ms | ActiveRecord: 0.0ms | Allocations: 116)


Started GET "/favicon.ico" for ::1 at 2020-01-29 20:40:49 +0800
  
ActionController::RoutingError (No route matches [GET] "/favicon.ico"):
  
actionpack (6.0.2.1) lib/action_dispatch/middleware/debug_exceptions.rb:36:in `call'
actionpack (6.0.2.1) lib/action_dispatch/middleware/show_exceptions.rb:33:in `call'
railties (6.0.2.1) lib/rails/rack/logger.rb:38:in `call_app'
railties (6.0.2.1) lib/rails/rack/logger.rb:26:in `block in call'
activesupport (6.0.2.1) lib/active_support/tagged_logging.rb:80:in `block in tagged'
activesupport (6.0.2.1) lib/active_support/tagged_logging.rb:28:in `tagged'
activesupport (6.0.2.1) lib/active_support/tagged_logging.rb:80:in `tagged'
railties (6.0.2.1) lib/rails/rack/logger.rb:26:in `call'
actionpack (6.0.2.1) lib/action_dispatch/middleware/remote_ip.rb:81:in `call'
actionpack (6.0.2.1) lib/action_dispatch/middleware/request_id.rb:27:in `call'
rack (2.0.8) lib/rack/runtime.rb:22:in `call'
activesupport (6.0.2.1) lib/active_support/cache/strategy/local_cache_middleware.rb:29:in `call'
actionpack (6.0.2.1) lib/action_dispatch/middleware/executor.rb:14:in `call'
actionpack (6.0.2.1) lib/action_dispatch/middleware/static.rb:126:in `call'
rack (2.0.8) lib/rack/sendfile.rb:111:in `call'
actionpack (6.0.2.1) lib/action_dispatch/middleware/host_authorization.rb:83:in `call'
rack-cors (1.1.1) lib/rack/cors.rb:100:in `call'
railties (6.0.2.1) lib/rails/engine.rb:526:in `call'
puma (4.3.1) lib/puma/configuration.rb:228:in `call'
puma (4.3.1) lib/puma/server.rb:681:in `handle_request'
puma (4.3.1) lib/puma/server.rb:472:in `process_client'
puma (4.3.1) lib/puma/server.rb:328:in `block in run'
puma (4.3.1) lib/puma/thread_pool.rb:134:in `block in spawn_thread'
